{"/home/travis/build/npmtest/node-npmtest-ember-cli/test.js":{"path":"/home/travis/build/npmtest/node-npmtest-ember-cli/test.js","s":{"1":2,"2":2,"3":2,"4":2,"5":2,"6":2,"7":2,"8":1,"9":2,"10":2,"11":1,"12":1,"13":1,"14":1,"15":2,"16":2,"17":2,"18":2,"19":1,"20":1,"21":2,"22":2,"23":2,"24":1,"25":1,"26":1,"27":1,"28":1,"29":1,"30":1,"31":1,"32":1,"33":1,"34":1,"35":1,"36":1,"37":1,"38":1,"39":2,"40":2,"41":1,"42":2,"43":2,"44":1,"45":2,"46":2,"47":1,"48":2,"49":2,"50":1,"51":1,"52":1,"53":1,"54":1},"b":{"1":[2,1,1,1],"2":[1,1,1,1],"3":[1,1],"4":[1,1],"5":[1,1],"6":[1,1],"7":[1,1],"8":[1,1],"9":[1,1],"10":[1,1,1],"11":[1,1],"12":[1,1],"13":[1,1],"14":[1,1],"15":[1,1],"16":[1,1],"17":[1,1]},"f":{"1":2,"2":2,"3":2,"4":2,"5":2,"6":1,"7":1,"8":1,"9":2,"10":2,"11":2,"12":2,"13":1},"fnMap":{"1":{"name":"(anonymous_1)","line":12,"loc":{"start":{"line":12,"column":1},"end":{"line":12,"column":13}}},"2":{"name":"(anonymous_2)","line":19,"loc":{"start":{"line":19,"column":5},"end":{"line":19,"column":17}}},"3":{"name":"(anonymous_3)","line":23,"loc":{"start":{"line":23,"column":24},"end":{"line":23,"column":36}}},"4":{"name":"(anonymous_4)","line":61,"loc":{"start":{"line":61,"column":5},"end":{"line":61,"column":17}}},"5":{"name":"(anonymous_5)","line":82,"loc":{"start":{"line":82,"column":5},"end":{"line":82,"column":17}}},"6":{"name":"(anonymous_6)","line":91,"loc":{"start":{"line":91,"column":77},"end":{"line":94,"column":10}}},"7":{"name":"(anonymous_7)","line":112,"loc":{"start":{"line":112,"column":83},"end":{"line":115,"column":10}},"skip":true},"8":{"name":"(anonymous_8)","line":123,"loc":{"start":{"line":123,"column":77},"end":{"line":126,"column":10}},"skip":true},"9":{"name":"(anonymous_9)","line":139,"loc":{"start":{"line":139,"column":12},"end":{"line":139,"column":40}},"skip":true},"10":{"name":"(anonymous_10)","line":147,"loc":{"start":{"line":147,"column":77},"end":{"line":150,"column":10}},"skip":true},"11":{"name":"(anonymous_11)","line":158,"loc":{"start":{"line":158,"column":83},"end":{"line":161,"column":10}},"skip":true},"12":{"name":"(anonymous_12)","line":169,"loc":{"start":{"line":169,"column":79},"end":{"line":172,"column":10}},"skip":true},"13":{"name":"(anonymous_13)","line":180,"loc":{"start":{"line":180,"column":75},"end":{"line":183,"column":10}},"skip":true}},"statementMap":{"1":{"start":{"line":12,"column":0},"end":{"line":195,"column":5}},"2":{"start":{"line":14,"column":4},"end":{"line":14,"column":14}},"3":{"start":{"line":19,"column":4},"end":{"line":56,"column":9}},"4":{"start":{"line":21,"column":8},"end":{"line":21,"column":19}},"5":{"start":{"line":23,"column":8},"end":{"line":35,"column":13}},"6":{"start":{"line":24,"column":12},"end":{"line":34,"column":13}},"7":{"start":{"line":25,"column":16},"end":{"line":28,"column":30}},"8":{"start":{"line":30,"column":16},"end":{"line":33,"column":27}},"9":{"start":{"line":37,"column":8},"end":{"line":39,"column":21}},"10":{"start":{"line":40,"column":8},"end":{"line":53,"column":9}},"11":{"start":{"line":43,"column":12},"end":{"line":46,"column":14}},"12":{"start":{"line":47,"column":12},"end":{"line":47,"column":18}},"13":{"start":{"line":50,"column":12},"end":{"line":51,"column":46}},"14":{"start":{"line":52,"column":12},"end":{"line":52,"column":18}},"15":{"start":{"line":55,"column":8},"end":{"line":55,"column":35}},"16":{"start":{"line":61,"column":4},"end":{"line":63,"column":9}},"17":{"start":{"line":62,"column":8},"end":{"line":62,"column":15}},"18":{"start":{"line":64,"column":4},"end":{"line":77,"column":5}},"19":{"start":{"line":70,"column":8},"end":{"line":70,"column":14}},"20":{"start":{"line":76,"column":8},"end":{"line":76,"column":14}},"21":{"start":{"line":82,"column":4},"end":{"line":84,"column":9}},"22":{"start":{"line":83,"column":8},"end":{"line":83,"column":15}},"23":{"start":{"line":85,"column":4},"end":{"line":194,"column":5}},"24":{"start":{"line":91,"column":8},"end":{"line":99,"column":10}},"25":{"start":{"line":98,"column":12},"end":{"line":98,"column":35}},"26":{"start":{"line":102,"column":8},"end":{"line":104,"column":63}},"27":{"start":{"line":105,"column":8},"end":{"line":105,"column":14}},"28":{"start":{"line":112,"column":8},"end":{"line":121,"column":10},"skip":true},"29":{"start":{"line":119,"column":12},"end":{"line":119,"column":55},"skip":true},"30":{"start":{"line":120,"column":12},"end":{"line":120,"column":48},"skip":true},"31":{"start":{"line":123,"column":8},"end":{"line":136,"column":10},"skip":true},"32":{"start":{"line":130,"column":12},"end":{"line":130,"column":76},"skip":true},"33":{"start":{"line":131,"column":12},"end":{"line":131,"column":73},"skip":true},"34":{"start":{"line":132,"column":12},"end":{"line":132,"column":74},"skip":true},"35":{"start":{"line":133,"column":12},"end":{"line":133,"column":79},"skip":true},"36":{"start":{"line":134,"column":12},"end":{"line":134,"column":25},"skip":true},"37":{"start":{"line":135,"column":12},"end":{"line":135,"column":45},"skip":true},"38":{"start":{"line":138,"column":8},"end":{"line":145,"column":14},"skip":true},"39":{"start":{"line":143,"column":16},"end":{"line":143,"column":29},"skip":true},"40":{"start":{"line":144,"column":16},"end":{"line":144,"column":55},"skip":true},"41":{"start":{"line":147,"column":8},"end":{"line":156,"column":10},"skip":true},"42":{"start":{"line":154,"column":12},"end":{"line":154,"column":25},"skip":true},"43":{"start":{"line":155,"column":12},"end":{"line":155,"column":45},"skip":true},"44":{"start":{"line":158,"column":8},"end":{"line":167,"column":10},"skip":true},"45":{"start":{"line":165,"column":12},"end":{"line":165,"column":25},"skip":true},"46":{"start":{"line":166,"column":12},"end":{"line":166,"column":48},"skip":true},"47":{"start":{"line":169,"column":8},"end":{"line":178,"column":10},"skip":true},"48":{"start":{"line":176,"column":12},"end":{"line":176,"column":25},"skip":true},"49":{"start":{"line":177,"column":12},"end":{"line":177,"column":46},"skip":true},"50":{"start":{"line":180,"column":8},"end":{"line":189,"column":10},"skip":true},"51":{"start":{"line":187,"column":12},"end":{"line":187,"column":94},"skip":true},"52":{"start":{"line":188,"column":12},"end":{"line":188,"column":48},"skip":true},"53":{"start":{"line":192,"column":8},"end":{"line":192,"column":35},"skip":true},"54":{"start":{"line":193,"column":8},"end":{"line":193,"column":14},"skip":true}},"branchMap":{"1":{"line":25,"type":"binary-expr","locations":[{"start":{"line":25,"column":23},"end":{"line":25,"column":62}},{"start":{"line":26,"column":20},"end":{"line":26,"column":70}},{"start":{"line":27,"column":20},"end":{"line":27,"column":71}},{"start":{"line":28,"column":20},"end":{"line":28,"column":29}}]},"2":{"line":30,"type":"binary-expr","locations":[{"start":{"line":30,"column":23},"end":{"line":30,"column":37}},{"start":{"line":31,"column":20},"end":{"line":31,"column":61}},{"start":{"line":32,"column":20},"end":{"line":32,"column":70}},{"start":{"line":33,"column":20},"end":{"line":33,"column":26}}]},"3":{"line":37,"type":"cond-expr","locations":[{"start":{"line":38,"column":14},"end":{"line":38,"column":20}},{"start":{"line":39,"column":14},"end":{"line":39,"column":20}}]},"4":{"line":40,"type":"switch","locations":[{"start":{"line":42,"column":8},"end":{"line":47,"column":18}},{"start":{"line":49,"column":8},"end":{"line":52,"column":18}}]},"5":{"line":44,"type":"binary-expr","locations":[{"start":{"line":44,"column":16},"end":{"line":44,"column":44}},{"start":{"line":44,"column":48},"end":{"line":44,"column":66}}]},"6":{"line":50,"type":"binary-expr","locations":[{"start":{"line":50,"column":21},"end":{"line":50,"column":49}},{"start":{"line":50,"column":53},"end":{"line":50,"column":72}}]},"7":{"line":64,"type":"switch","locations":[{"start":{"line":69,"column":4},"end":{"line":70,"column":14}},{"start":{"line":75,"column":4},"end":{"line":76,"column":14}}]},"8":{"line":85,"type":"switch","locations":[{"start":{"line":90,"column":4},"end":{"line":105,"column":14}},{"start":{"line":111,"column":4},"end":{"line":193,"column":14},"skip":true}]},"9":{"line":91,"type":"binary-expr","locations":[{"start":{"line":91,"column":42},"end":{"line":91,"column":73}},{"start":{"line":91,"column":77},"end":{"line":99,"column":9}}]},"10":{"line":102,"type":"binary-expr","locations":[{"start":{"line":102,"column":18},"end":{"line":102,"column":32}},{"start":{"line":103,"column":12},"end":{"line":103,"column":53}},{"start":{"line":104,"column":12},"end":{"line":104,"column":61}}]},"11":{"line":112,"type":"binary-expr","locations":[{"start":{"line":112,"column":45},"end":{"line":112,"column":79},"skip":true},{"start":{"line":112,"column":83},"end":{"line":121,"column":9},"skip":true}]},"12":{"line":123,"type":"binary-expr","locations":[{"start":{"line":123,"column":42},"end":{"line":123,"column":73},"skip":true},{"start":{"line":123,"column":77},"end":{"line":136,"column":9},"skip":true}]},"13":{"line":138,"type":"binary-expr","locations":[{"start":{"line":138,"column":48},"end":{"line":138,"column":85},"skip":true},{"start":{"line":139,"column":12},"end":{"line":145,"column":13},"skip":true}]},"14":{"line":147,"type":"binary-expr","locations":[{"start":{"line":147,"column":42},"end":{"line":147,"column":73},"skip":true},{"start":{"line":147,"column":77},"end":{"line":156,"column":9},"skip":true}]},"15":{"line":158,"type":"binary-expr","locations":[{"start":{"line":158,"column":45},"end":{"line":158,"column":79},"skip":true},{"start":{"line":158,"column":83},"end":{"line":167,"column":9},"skip":true}]},"16":{"line":169,"type":"binary-expr","locations":[{"start":{"line":169,"column":43},"end":{"line":169,"column":75},"skip":true},{"start":{"line":169,"column":79},"end":{"line":178,"column":9},"skip":true}]},"17":{"line":180,"type":"binary-expr","locations":[{"start":{"line":180,"column":41},"end":{"line":180,"column":71},"skip":true},{"start":{"line":180,"column":75},"end":{"line":189,"column":9},"skip":true}]}},"code":["/* istanbul instrument in package npmtest_ember_cli */","/*jslint","    bitwise: true,","    browser: true,","    maxerr: 8,","    maxlen: 96,","    node: true,","    nomen: true,","    regexp: true,","    stupid: true","*/","(function () {","    'use strict';","    var local;","","","","    // run shared js-env code - pre-init","    (function () {","        // init local","        local = {};","        // init modeJs","        local.modeJs = (function () {","            try {","                return typeof navigator.userAgent === 'string' &&","                    typeof document.querySelector('body') === 'object' &&","                    typeof XMLHttpRequest.prototype.open === 'function' &&","                    'browser';","            } catch (errorCaughtBrowser) {","                return module.exports &&","                    typeof process.versions.node === 'string' &&","                    typeof require('http').createServer === 'function' &&","                    'node';","            }","        }());","        // init global","        local.global = local.modeJs === 'browser'","            ? window","            : global;","        switch (local.modeJs) {","        // re-init local from window.local","        case 'browser':","            local = local.global.utility2.objectSetDefault(","                local.global.utility2_rollup || local.global.local,","                local.global.utility2","            );","            break;","        // re-init local from example.js","        case 'node':","            local = (local.global.utility2_rollup || require('utility2'))","                .requireExampleJsFromReadme();","            break;","        }","        // export local","        local.global.local = local;","    }());","","","","    // run shared js-env code - function","    (function () {","        return;","    }());","    switch (local.modeJs) {","","","","    // run browser js-env code - function","    case 'browser':","        break;","","","","    // run node js-env code - function","    case 'node':","        break;","    }","","","","    // run shared js-env code - post-init","    (function () {","        return;","    }());","    switch (local.modeJs) {","","","","    // run browser js-env code - post-init","    case 'browser':","        local.testCase_browser_nullCase = local.testCase_browser_nullCase || function (","            options,","            onError","        ) {","        /*","         * this function will test browsers's null-case handling-behavior-behavior","         */","            onError(null, options);","        };","","        // run tests","        local.nop(local.modeTest &&","            document.querySelector('#testRunButton1') &&","            document.querySelector('#testRunButton1').click());","        break;","","","","    // run node js-env code - post-init","    /* istanbul ignore next */","    case 'node':","        local.testCase_buildApidoc_default = local.testCase_buildApidoc_default || function (","            options,","            onError","        ) {","        /*","         * this function will test buildApidoc's default handling-behavior-behavior","         */","            options = { modulePathList: module.paths };","            local.buildApidoc(options, onError);","        };","","        local.testCase_buildApp_default = local.testCase_buildApp_default || function (","            options,","            onError","        ) {","        /*","         * this function will test buildApp's default handling-behavior-behavior","         */","            local.testCase_buildReadme_default(options, local.onErrorThrow);","            local.testCase_buildLib_default(options, local.onErrorThrow);","            local.testCase_buildTest_default(options, local.onErrorThrow);","            local.testCase_buildCustomOrg_default(options, local.onErrorThrow);","            options = [];","            local.buildApp(options, onError);","        };","","        local.testCase_buildCustomOrg_default = local.testCase_buildCustomOrg_default ||","            function (options, onError) {","            /*","             * this function will test buildCustomOrg's default handling-behavior","             */","                options = {};","                local.buildCustomOrg(options, onError);","            };","","        local.testCase_buildLib_default = local.testCase_buildLib_default || function (","            options,","            onError","        ) {","        /*","         * this function will test buildLib's default handling-behavior","         */","            options = {};","            local.buildLib(options, onError);","        };","","        local.testCase_buildReadme_default = local.testCase_buildReadme_default || function (","            options,","            onError","        ) {","        /*","         * this function will test buildReadme's default handling-behavior-behavior","         */","            options = {};","            local.buildReadme(options, onError);","        };","","        local.testCase_buildTest_default = local.testCase_buildTest_default || function (","            options,","            onError","        ) {","        /*","         * this function will test buildTest's default handling-behavior","         */","            options = {};","            local.buildTest(options, onError);","        };","","        local.testCase_webpage_default = local.testCase_webpage_default || function (","            options,","            onError","        ) {","        /*","         * this function will test webpage's default handling-behavior","         */","            options = { modeCoverageMerge: true, url: local.serverLocalHost + '?modeTest=1' };","            local.browserTest(options, onError);","        };","","        // run test-server","        local.testRunServer(local);","        break;","    }","}());",""],"l":{"12":2,"14":2,"19":2,"21":2,"23":2,"24":2,"25":2,"30":1,"37":2,"40":2,"43":1,"47":1,"50":1,"52":1,"55":2,"61":2,"62":2,"64":2,"70":1,"76":1,"82":2,"83":2,"85":2,"91":1,"98":1,"102":1,"105":1,"112":1,"119":1,"120":1,"123":1,"130":1,"131":1,"132":1,"133":1,"134":1,"135":1,"138":1,"143":2,"144":2,"147":1,"154":2,"155":2,"158":1,"165":2,"166":2,"169":1,"176":2,"177":2,"180":1,"187":1,"188":1,"192":1,"193":1}},"/home/travis/build/npmtest/node-npmtest-ember-cli/lib.npmtest_ember_cli.js":{"path":"/home/travis/build/npmtest/node-npmtest-ember-cli/lib.npmtest_ember_cli.js","s":{"1":2,"2":2,"3":2,"4":2,"5":2,"6":2,"7":2,"8":1,"9":2,"10":2,"11":2,"12":2,"13":1,"14":1,"15":1,"16":1},"b":{"1":[2,1,1,1],"2":[1,1,1,1],"3":[1,1],"4":[2,2],"5":[1,1]},"f":{"1":2,"2":2,"3":2},"fnMap":{"1":{"name":"(anonymous_1)","line":12,"loc":{"start":{"line":12,"column":1},"end":{"line":12,"column":13}}},"2":{"name":"(anonymous_2)","line":19,"loc":{"start":{"line":19,"column":5},"end":{"line":19,"column":17}}},"3":{"name":"(anonymous_3)","line":23,"loc":{"start":{"line":23,"column":24},"end":{"line":23,"column":36}}}},"statementMap":{"1":{"start":{"line":12,"column":0},"end":{"line":53,"column":5}},"2":{"start":{"line":14,"column":4},"end":{"line":14,"column":14}},"3":{"start":{"line":19,"column":4},"end":{"line":52,"column":9}},"4":{"start":{"line":21,"column":8},"end":{"line":21,"column":19}},"5":{"start":{"line":23,"column":8},"end":{"line":35,"column":13}},"6":{"start":{"line":24,"column":12},"end":{"line":34,"column":13}},"7":{"start":{"line":25,"column":16},"end":{"line":28,"column":30}},"8":{"start":{"line":30,"column":16},"end":{"line":33,"column":27}},"9":{"start":{"line":37,"column":8},"end":{"line":39,"column":21}},"10":{"start":{"line":41,"column":8},"end":{"line":41,"column":54}},"11":{"start":{"line":43,"column":8},"end":{"line":43,"column":54}},"12":{"start":{"line":45,"column":8},"end":{"line":51,"column":9}},"13":{"start":{"line":46,"column":12},"end":{"line":46,"column":60}},"14":{"start":{"line":48,"column":12},"end":{"line":48,"column":35}},"15":{"start":{"line":49,"column":12},"end":{"line":49,"column":49}},"16":{"start":{"line":50,"column":12},"end":{"line":50,"column":43}}},"branchMap":{"1":{"line":25,"type":"binary-expr","locations":[{"start":{"line":25,"column":23},"end":{"line":25,"column":62}},{"start":{"line":26,"column":20},"end":{"line":26,"column":70}},{"start":{"line":27,"column":20},"end":{"line":27,"column":71}},{"start":{"line":28,"column":20},"end":{"line":28,"column":29}}]},"2":{"line":30,"type":"binary-expr","locations":[{"start":{"line":30,"column":23},"end":{"line":30,"column":37}},{"start":{"line":31,"column":20},"end":{"line":31,"column":61}},{"start":{"line":32,"column":20},"end":{"line":32,"column":70}},{"start":{"line":33,"column":20},"end":{"line":33,"column":26}}]},"3":{"line":37,"type":"cond-expr","locations":[{"start":{"line":38,"column":14},"end":{"line":38,"column":20}},{"start":{"line":39,"column":14},"end":{"line":39,"column":20}}]},"4":{"line":41,"type":"binary-expr","locations":[{"start":{"line":41,"column":16},"end":{"line":41,"column":44}},{"start":{"line":41,"column":48},"end":{"line":41,"column":53}}]},"5":{"line":45,"type":"if","locations":[{"start":{"line":45,"column":8},"end":{"line":45,"column":8}},{"start":{"line":45,"column":8},"end":{"line":45,"column":8}}]}},"code":["/* istanbul instrument in package npmtest_ember_cli */","/*jslint","    bitwise: true,","    browser: true,","    maxerr: 8,","    maxlen: 96,","    node: true,","    nomen: true,","    regexp: true,","    stupid: true","*/","(function () {","    'use strict';","    var local;","","","","    // run shared js-env code - pre-init","    (function () {","        // init local","        local = {};","        // init modeJs","        local.modeJs = (function () {","            try {","                return typeof navigator.userAgent === 'string' &&","                    typeof document.querySelector('body') === 'object' &&","                    typeof XMLHttpRequest.prototype.open === 'function' &&","                    'browser';","            } catch (errorCaughtBrowser) {","                return module.exports &&","                    typeof process.versions.node === 'string' &&","                    typeof require('http').createServer === 'function' &&","                    'node';","            }","        }());","        // init global","        local.global = local.modeJs === 'browser'","            ? window","            : global;","        // init utility2_rollup","        local = local.global.utility2_rollup || local;","        // init lib","        local.local = local.npmtest_ember_cli = local;","        // init exports","        if (local.modeJs === 'browser') {","            local.global.utility2_npmtest_ember_cli = local;","        } else {","            module.exports = local;","            module.exports.__dirname = __dirname;","            module.exports.module = module;","        }","    }());","}());",""],"l":{"12":2,"14":2,"19":2,"21":2,"23":2,"24":2,"25":2,"30":1,"37":2,"41":2,"43":2,"45":2,"46":1,"48":1,"49":1,"50":1}},"/home/travis/build/npmtest/node-npmtest-ember-cli/example.js":{"path":"/home/travis/build/npmtest/node-npmtest-ember-cli/example.js","s":{"1":2,"2":2,"3":2,"4":2,"5":2,"6":2,"7":2,"8":1,"9":2,"10":2,"11":2,"12":2,"13":1,"14":2,"15":2,"16":2,"17":2,"18":2,"19":0,"20":2,"21":1,"22":1,"23":1,"24":1,"25":1,"26":0,"27":0,"28":1,"29":1,"30":2,"31":0,"32":0,"33":0,"34":1,"35":2,"36":2,"37":3,"38":3,"39":3,"40":3,"41":0,"42":3,"43":3,"44":3,"45":1,"46":3,"47":1,"48":1,"49":1,"50":1,"51":1,"52":1,"53":1,"54":1,"55":1,"56":1,"57":0,"58":1,"59":6,"60":6,"61":1,"62":2,"63":0,"64":2,"65":1,"66":1,"67":0,"68":0,"69":0,"70":0,"71":0,"72":0,"73":0,"74":0,"75":0,"76":0,"77":0,"78":0,"79":0,"80":0,"81":0,"82":0,"83":0},"b":{"1":[2,1,1,1],"2":[1,1,1,1],"3":[1,1],"4":[2,2],"5":[1,1],"6":[1,1],"7":[2,0],"8":[2,1,1,1,1,1],"9":[0,2,0],"10":[1,1],"11":[2,1,1],"12":[1,0],"13":[0,2],"14":[2,0,0,0,0,0,0],"15":[0,3],"16":[3,0],"17":[1,1],"18":[0,1],"19":[1,2,0,2],"20":[1,0],"21":[1,1],"22":[0,0],"23":[0,0],"24":[0,0],"25":[0,0],"26":[0,0],"27":[0,0],"28":[0,0]},"f":{"1":2,"2":2,"3":2,"4":2,"5":2,"6":2,"7":3,"8":3,"9":3,"10":1,"11":6,"12":0},"fnMap":{"1":{"name":"(anonymous_1)","line":26,"loc":{"start":{"line":26,"column":1},"end":{"line":26,"column":13}}},"2":{"name":"(anonymous_2)","line":33,"loc":{"start":{"line":33,"column":5},"end":{"line":33,"column":17}}},"3":{"name":"(anonymous_3)","line":37,"loc":{"start":{"line":37,"column":24},"end":{"line":37,"column":36}}},"4":{"name":"(anonymous_4)","line":69,"loc":{"start":{"line":69,"column":31},"end":{"line":69,"column":48}},"skip":true},"5":{"name":"(anonymous_5)","line":78,"loc":{"start":{"line":78,"column":26},"end":{"line":78,"column":45}},"skip":true},"6":{"name":"(anonymous_6)","line":123,"loc":{"start":{"line":123,"column":33},"end":{"line":123,"column":48}},"skip":true},"7":{"name":"(anonymous_7)","line":125,"loc":{"start":{"line":125,"column":27},"end":{"line":125,"column":39}},"skip":true},"8":{"name":"(anonymous_8)","line":133,"loc":{"start":{"line":133,"column":59},"end":{"line":133,"column":74}},"skip":true},"9":{"name":"(anonymous_9)","line":143,"loc":{"start":{"line":143,"column":45},"end":{"line":143,"column":62}},"skip":true},"10":{"name":"(anonymous_10)","line":144,"loc":{"start":{"line":144,"column":73},"end":{"line":144,"column":92}},"skip":true},"11":{"name":"(anonymous_11)","line":272,"loc":{"start":{"line":272,"column":51},"end":{"line":272,"column":77}},"skip":true},"12":{"name":"(anonymous_12)","line":315,"loc":{"start":{"line":315,"column":32},"end":{"line":315,"column":61}},"skip":true}},"statementMap":{"1":{"start":{"line":26,"column":0},"end":{"line":326,"column":5}},"2":{"start":{"line":28,"column":4},"end":{"line":28,"column":14}},"3":{"start":{"line":33,"column":4},"end":{"line":60,"column":9}},"4":{"start":{"line":35,"column":8},"end":{"line":35,"column":19}},"5":{"start":{"line":37,"column":8},"end":{"line":49,"column":13}},"6":{"start":{"line":38,"column":12},"end":{"line":48,"column":13}},"7":{"start":{"line":39,"column":16},"end":{"line":42,"column":30}},"8":{"start":{"line":44,"column":16},"end":{"line":47,"column":27}},"9":{"start":{"line":51,"column":8},"end":{"line":53,"column":21}},"10":{"start":{"line":55,"column":8},"end":{"line":57,"column":45}},"11":{"start":{"line":59,"column":8},"end":{"line":59,"column":35}},"12":{"start":{"line":61,"column":4},"end":{"line":325,"column":5}},"13":{"start":{"line":69,"column":8},"end":{"line":121,"column":10},"skip":true},"14":{"start":{"line":70,"column":12},"end":{"line":88,"column":13},"skip":true},"15":{"start":{"line":76,"column":16},"end":{"line":87,"column":19},"skip":true},"16":{"start":{"line":79,"column":20},"end":{"line":86,"column":21},"skip":true},"17":{"start":{"line":82,"column":24},"end":{"line":82,"column":43},"skip":true},"18":{"start":{"line":83,"column":24},"end":{"line":83,"column":30},"skip":true},"19":{"start":{"line":85,"column":24},"end":{"line":85,"column":49},"skip":true},"20":{"start":{"line":89,"column":12},"end":{"line":107,"column":13},"skip":true},"21":{"start":{"line":92,"column":16},"end":{"line":102,"column":17},"skip":true},"22":{"start":{"line":93,"column":20},"end":{"line":93,"column":86},"skip":true},"23":{"start":{"line":94,"column":20},"end":{"line":95,"column":45},"skip":true},"24":{"start":{"line":96,"column":20},"end":{"line":96,"column":42},"skip":true},"25":{"start":{"line":97,"column":20},"end":{"line":97,"column":48},"skip":true},"26":{"start":{"line":100,"column":20},"end":{"line":100,"column":85},"skip":true},"27":{"start":{"line":101,"column":20},"end":{"line":101,"column":96},"skip":true},"28":{"start":{"line":103,"column":16},"end":{"line":103,"column":22},"skip":true},"29":{"start":{"line":106,"column":16},"end":{"line":106,"column":22},"skip":true},"30":{"start":{"line":108,"column":12},"end":{"line":120,"column":13},"skip":true},"31":{"start":{"line":114,"column":16},"end":{"line":119,"column":17},"skip":true},"32":{"start":{"line":116,"column":20},"end":{"line":116,"column":78},"skip":true},"33":{"start":{"line":118,"column":20},"end":{"line":118,"column":47},"skip":true},"34":{"start":{"line":123,"column":8},"end":{"line":141,"column":11},"skip":true},"35":{"start":{"line":124,"column":12},"end":{"line":124,"column":54},"skip":true},"36":{"start":{"line":125,"column":12},"end":{"line":140,"column":14},"skip":true},"37":{"start":{"line":126,"column":16},"end":{"line":126,"column":28},"skip":true},"38":{"start":{"line":127,"column":16},"end":{"line":127,"column":69},"skip":true},"39":{"start":{"line":128,"column":16},"end":{"line":128,"column":75},"skip":true},"40":{"start":{"line":129,"column":16},"end":{"line":131,"column":17},"skip":true},"41":{"start":{"line":130,"column":20},"end":{"line":130,"column":27},"skip":true},"42":{"start":{"line":133,"column":16},"end":{"line":137,"column":36},"skip":true},"43":{"start":{"line":134,"column":20},"end":{"line":136,"column":55},"skip":true},"44":{"start":{"line":139,"column":16},"end":{"line":139,"column":57},"skip":true},"45":{"start":{"line":143,"column":8},"end":{"line":147,"column":11},"skip":true},"46":{"start":{"line":144,"column":12},"end":{"line":146,"column":15},"skip":true},"47":{"start":{"line":145,"column":16},"end":{"line":145,"column":70},"skip":true},"48":{"start":{"line":149,"column":8},"end":{"line":149,"column":31},"skip":true},"49":{"start":{"line":150,"column":8},"end":{"line":150,"column":14},"skip":true},"50":{"start":{"line":158,"column":8},"end":{"line":158,"column":31},"skip":true},"51":{"start":{"line":160,"column":8},"end":{"line":160,"column":33},"skip":true},"52":{"start":{"line":161,"column":8},"end":{"line":161,"column":37},"skip":true},"53":{"start":{"line":162,"column":8},"end":{"line":162,"column":35},"skip":true},"54":{"start":{"line":164,"column":8},"end":{"line":164,"column":50},"skip":true},"55":{"start":{"line":166,"column":8},"end":{"line":256,"column":2},"skip":true},"56":{"start":{"line":258,"column":8},"end":{"line":286,"column":9},"skip":true},"57":{"start":{"line":259,"column":12},"end":{"line":269,"column":14},"skip":true},"58":{"start":{"line":271,"column":12},"end":{"line":285,"column":19},"skip":true},"59":{"start":{"line":274,"column":20},"end":{"line":274,"column":35},"skip":true},"60":{"start":{"line":275,"column":20},"end":{"line":284,"column":21},"skip":true},"61":{"start":{"line":277,"column":24},"end":{"line":277,"column":64},"skip":true},"62":{"start":{"line":279,"column":24},"end":{"line":279,"column":40},"skip":true},"63":{"start":{"line":281,"column":24},"end":{"line":281,"column":40},"skip":true},"64":{"start":{"line":283,"column":24},"end":{"line":283,"column":39},"skip":true},"65":{"start":{"line":288,"column":8},"end":{"line":290,"column":9},"skip":true},"66":{"start":{"line":289,"column":12},"end":{"line":289,"column":18},"skip":true},"67":{"start":{"line":291,"column":8},"end":{"line":293,"column":54},"skip":true},"68":{"start":{"line":296,"column":8},"end":{"line":301,"column":37},"skip":true},"69":{"start":{"line":303,"column":8},"end":{"line":303,"column":82},"skip":true},"70":{"start":{"line":306,"column":8},"end":{"line":308,"column":9},"skip":true},"71":{"start":{"line":307,"column":12},"end":{"line":307,"column":82},"skip":true},"72":{"start":{"line":310,"column":8},"end":{"line":312,"column":9},"skip":true},"73":{"start":{"line":311,"column":12},"end":{"line":311,"column":18},"skip":true},"74":{"start":{"line":313,"column":8},"end":{"line":313,"column":54},"skip":true},"75":{"start":{"line":314,"column":8},"end":{"line":314,"column":69},"skip":true},"76":{"start":{"line":315,"column":8},"end":{"line":323,"column":36},"skip":true},"77":{"start":{"line":316,"column":12},"end":{"line":316,"column":61},"skip":true},"78":{"start":{"line":317,"column":12},"end":{"line":320,"column":13},"skip":true},"79":{"start":{"line":318,"column":16},"end":{"line":318,"column":75},"skip":true},"80":{"start":{"line":319,"column":16},"end":{"line":319,"column":23},"skip":true},"81":{"start":{"line":321,"column":12},"end":{"line":321,"column":38},"skip":true},"82":{"start":{"line":322,"column":12},"end":{"line":322,"column":27},"skip":true},"83":{"start":{"line":324,"column":8},"end":{"line":324,"column":14},"skip":true}},"branchMap":{"1":{"line":39,"type":"binary-expr","locations":[{"start":{"line":39,"column":23},"end":{"line":39,"column":62}},{"start":{"line":40,"column":20},"end":{"line":40,"column":70}},{"start":{"line":41,"column":20},"end":{"line":41,"column":71}},{"start":{"line":42,"column":20},"end":{"line":42,"column":29}}]},"2":{"line":44,"type":"binary-expr","locations":[{"start":{"line":44,"column":23},"end":{"line":44,"column":37}},{"start":{"line":45,"column":20},"end":{"line":45,"column":61}},{"start":{"line":46,"column":20},"end":{"line":46,"column":70}},{"start":{"line":47,"column":20},"end":{"line":47,"column":26}}]},"3":{"line":51,"type":"cond-expr","locations":[{"start":{"line":52,"column":14},"end":{"line":52,"column":20}},{"start":{"line":53,"column":14},"end":{"line":53,"column":20}}]},"4":{"line":55,"type":"binary-expr","locations":[{"start":{"line":55,"column":16},"end":{"line":55,"column":44}},{"start":{"line":55,"column":49},"end":{"line":57,"column":43}}]},"5":{"line":55,"type":"cond-expr","locations":[{"start":{"line":56,"column":14},"end":{"line":56,"column":53}},{"start":{"line":57,"column":14},"end":{"line":57,"column":43}}]},"6":{"line":61,"type":"switch","locations":[{"start":{"line":68,"column":4},"end":{"line":150,"column":14},"skip":true},{"start":{"line":156,"column":4},"end":{"line":324,"column":14},"skip":true}]},"7":{"line":70,"type":"if","locations":[{"start":{"line":70,"column":12},"end":{"line":70,"column":12},"skip":true},{"start":{"line":70,"column":12},"end":{"line":70,"column":12},"skip":true}]},"8":{"line":70,"type":"binary-expr","locations":[{"start":{"line":70,"column":16},"end":{"line":70,"column":22},"skip":true},{"start":{"line":70,"column":27},"end":{"line":70,"column":32},"skip":true},{"start":{"line":71,"column":20},"end":{"line":71,"column":39},"skip":true},{"start":{"line":72,"column":20},"end":{"line":72,"column":49},"skip":true},{"start":{"line":73,"column":20},"end":{"line":73,"column":58},"skip":true},{"start":{"line":74,"column":20},"end":{"line":74,"column":69},"skip":true}]},"9":{"line":79,"type":"switch","locations":[{"start":{"line":80,"column":20},"end":{"line":80,"column":33},"skip":true},{"start":{"line":81,"column":20},"end":{"line":83,"column":30},"skip":true},{"start":{"line":84,"column":20},"end":{"line":85,"column":49},"skip":true}]},"10":{"line":89,"type":"switch","locations":[{"start":{"line":90,"column":12},"end":{"line":103,"column":22},"skip":true},{"start":{"line":105,"column":12},"end":{"line":106,"column":22},"skip":true}]},"11":{"line":89,"type":"binary-expr","locations":[{"start":{"line":89,"column":20},"end":{"line":89,"column":25},"skip":true},{"start":{"line":89,"column":29},"end":{"line":89,"column":48},"skip":true},{"start":{"line":89,"column":52},"end":{"line":89,"column":74},"skip":true}]},"12":{"line":92,"type":"if","locations":[{"start":{"line":92,"column":16},"end":{"line":92,"column":16},"skip":true},{"start":{"line":92,"column":16},"end":{"line":92,"column":16},"skip":true}]},"13":{"line":108,"type":"if","locations":[{"start":{"line":108,"column":12},"end":{"line":108,"column":12},"skip":true},{"start":{"line":108,"column":12},"end":{"line":108,"column":12},"skip":true}]},"14":{"line":108,"type":"binary-expr","locations":[{"start":{"line":108,"column":16},"end":{"line":108,"column":61},"skip":true},{"start":{"line":108,"column":66},"end":{"line":108,"column":72},"skip":true},{"start":{"line":108,"column":77},"end":{"line":108,"column":82},"skip":true},{"start":{"line":109,"column":20},"end":{"line":109,"column":39},"skip":true},{"start":{"line":110,"column":20},"end":{"line":110,"column":49},"skip":true},{"start":{"line":111,"column":20},"end":{"line":111,"column":58},"skip":true},{"start":{"line":112,"column":20},"end":{"line":112,"column":68},"skip":true}]},"15":{"line":129,"type":"if","locations":[{"start":{"line":129,"column":16},"end":{"line":129,"column":16},"skip":true},{"start":{"line":129,"column":16},"end":{"line":129,"column":16},"skip":true}]},"16":{"line":134,"type":"cond-expr","locations":[{"start":{"line":135,"column":26},"end":{"line":135,"column":29},"skip":true},{"start":{"line":136,"column":26},"end":{"line":136,"column":54},"skip":true}]},"17":{"line":164,"type":"binary-expr","locations":[{"start":{"line":164,"column":27},"end":{"line":164,"column":43},"skip":true},{"start":{"line":164,"column":47},"end":{"line":164,"column":49},"skip":true}]},"18":{"line":258,"type":"if","locations":[{"start":{"line":258,"column":8},"end":{"line":258,"column":8},"skip":true},{"start":{"line":258,"column":8},"end":{"line":258,"column":8},"skip":true}]},"19":{"line":275,"type":"switch","locations":[{"start":{"line":276,"column":20},"end":{"line":277,"column":64},"skip":true},{"start":{"line":278,"column":20},"end":{"line":279,"column":40},"skip":true},{"start":{"line":280,"column":20},"end":{"line":281,"column":40},"skip":true},{"start":{"line":282,"column":20},"end":{"line":283,"column":39},"skip":true}]},"20":{"line":288,"type":"if","locations":[{"start":{"line":288,"column":8},"end":{"line":288,"column":8},"skip":true},{"start":{"line":288,"column":8},"end":{"line":288,"column":8},"skip":true}]},"21":{"line":288,"type":"binary-expr","locations":[{"start":{"line":288,"column":12},"end":{"line":288,"column":40},"skip":true},{"start":{"line":288,"column":44},"end":{"line":288,"column":67},"skip":true}]},"22":{"line":292,"type":"binary-expr","locations":[{"start":{"line":292,"column":12},"end":{"line":292,"column":50},"skip":true},{"start":{"line":293,"column":12},"end":{"line":293,"column":53},"skip":true}]},"23":{"line":297,"type":"binary-expr","locations":[{"start":{"line":297,"column":12},"end":{"line":297,"column":67},"skip":true},{"start":{"line":298,"column":12},"end":{"line":301,"column":36},"skip":true}]},"24":{"line":303,"type":"binary-expr","locations":[{"start":{"line":303,"column":43},"end":{"line":303,"column":75},"skip":true},{"start":{"line":303,"column":79},"end":{"line":303,"column":81},"skip":true}]},"25":{"line":306,"type":"if","locations":[{"start":{"line":306,"column":8},"end":{"line":306,"column":8},"skip":true},{"start":{"line":306,"column":8},"end":{"line":306,"column":8},"skip":true}]},"26":{"line":310,"type":"if","locations":[{"start":{"line":310,"column":8},"end":{"line":310,"column":8},"skip":true},{"start":{"line":310,"column":8},"end":{"line":310,"column":8},"skip":true}]},"27":{"line":313,"type":"binary-expr","locations":[{"start":{"line":313,"column":27},"end":{"line":313,"column":43},"skip":true},{"start":{"line":313,"column":47},"end":{"line":313,"column":53},"skip":true}]},"28":{"line":317,"type":"if","locations":[{"start":{"line":317,"column":12},"end":{"line":317,"column":12},"skip":true},{"start":{"line":317,"column":12},"end":{"line":317,"column":12},"skip":true}]}},"code":["/*","example.js","","quickstart example","","instruction","    1. save this script as example.js","    2. run the shell command:","        $ npm install npmtest-ember-cli && PORT=8081 node example.js","    3. play with the browser-demo on http://127.0.0.1:8081","*/","","","","/* istanbul instrument in package npmtest_ember_cli */","/*jslint","    bitwise: true,","    browser: true,","    maxerr: 8,","    maxlen: 96,","    node: true,","    nomen: true,","    regexp: true,","    stupid: true","*/","(function () {","    'use strict';","    var local;","","","","    // run shared js-env code - pre-init","    (function () {","        // init local","        local = {};","        // init modeJs","        local.modeJs = (function () {","            try {","                return typeof navigator.userAgent === 'string' &&","                    typeof document.querySelector('body') === 'object' &&","                    typeof XMLHttpRequest.prototype.open === 'function' &&","                    'browser';","            } catch (errorCaughtBrowser) {","                return module.exports &&","                    typeof process.versions.node === 'string' &&","                    typeof require('http').createServer === 'function' &&","                    'node';","            }","        }());","        // init global","        local.global = local.modeJs === 'browser'","            ? window","            : global;","        // init utility2_rollup","        local = local.global.utility2_rollup || (local.modeJs === 'browser'","            ? local.global.utility2_npmtest_ember_cli","            : global.utility2_moduleExports);","        // export local","        local.global.local = local;","    }());","    switch (local.modeJs) {","","","","    // post-init","    // run browser js-env code - post-init","    /* istanbul ignore next */","    case 'browser':","        local.testRunBrowser = function (event) {","            if (!event || (event &&","                    event.currentTarget &&","                    event.currentTarget.className &&","                    event.currentTarget.className.includes &&","                    event.currentTarget.className.includes('onreset'))) {","                // reset output","                Array.from(","                    document.querySelectorAll('body > .resettable')","                ).forEach(function (element) {","                    switch (element.tagName) {","                    case 'INPUT':","                    case 'TEXTAREA':","                        element.value = '';","                        break;","                    default:","                        element.textContent = '';","                    }","                });","            }","            switch (event && event.currentTarget && event.currentTarget.id) {","            case 'testRunButton1':","                // show tests","                if (document.querySelector('#testReportDiv1').style.display === 'none') {","                    document.querySelector('#testReportDiv1').style.display = 'block';","                    document.querySelector('#testRunButton1').textContent =","                        'hide internal test';","                    local.modeTest = true;","                    local.testRunDefault(local);","                // hide tests","                } else {","                    document.querySelector('#testReportDiv1').style.display = 'none';","                    document.querySelector('#testRunButton1').textContent = 'run internal test';","                }","                break;","            // custom-case","            default:","                break;","            }","            if (document.querySelector('#inputTextareaEval1') && (!event || (event &&","                    event.currentTarget &&","                    event.currentTarget.className &&","                    event.currentTarget.className.includes &&","                    event.currentTarget.className.includes('oneval')))) {","                // try to eval input-code","                try {","                    /*jslint evil: true*/","                    eval(document.querySelector('#inputTextareaEval1').value);","                } catch (errorCaught) {","                    console.error(errorCaught);","                }","            }","        };","        // log stderr and stdout to #outputTextareaStdout1","        ['error', 'log'].forEach(function (key) {","            console[key + '_original'] = console[key];","            console[key] = function () {","                var element;","                console[key + '_original'].apply(console, arguments);","                element = document.querySelector('#outputTextareaStdout1');","                if (!element) {","                    return;","                }","                // append text to #outputTextareaStdout1","                element.value += Array.from(arguments).map(function (arg) {","                    return typeof arg === 'string'","                        ? arg","                        : JSON.stringify(arg, null, 4);","                }).join(' ') + '\\n';","                // scroll textarea to bottom","                element.scrollTop = element.scrollHeight;","            };","        });","        // init event-handling","        ['change', 'click', 'keyup'].forEach(function (event) {","            Array.from(document.querySelectorAll('.on' + event)).forEach(function (element) {","                element.addEventListener(event, local.testRunBrowser);","            });","        });","        // run tests","        local.testRunBrowser();","        break;","","","","    // run node js-env code - post-init","    /* istanbul ignore next */","    case 'node':","        // export local","        module.exports = local;","        // require modules","        local.fs = require('fs');","        local.http = require('http');","        local.url = require('url');","        // init assets","        local.assetsDict = local.assetsDict || {};","        /* jslint-ignore-begin */","        local.assetsDict['/assets.index.template.html'] = '\\","<!doctype html>\\n\\","<html lang=\"en\">\\n\\","<head>\\n\\","<meta charset=\"UTF-8\">\\n\\","<meta name=\"viewport\" content=\"width=device-width, initial-scale=1\">\\n\\","<title>{{env.npm_package_name}} (v{{env.npm_package_version}})</title>\\n\\","<style>\\n\\","/*csslint\\n\\","    box-sizing: false,\\n\\","    universal-selector: false\\n\\","*/\\n\\","* {\\n\\","    box-sizing: border-box;\\n\\","}\\n\\","body {\\n\\","    background: #dde;\\n\\","    font-family: Arial, Helvetica, sans-serif;\\n\\","    margin: 2rem;\\n\\","}\\n\\","body > * {\\n\\","    margin-bottom: 1rem;\\n\\","}\\n\\",".utility2FooterDiv {\\n\\","    margin-top: 20px;\\n\\","    text-align: center;\\n\\","}\\n\\","</style>\\n\\","<style>\\n\\","/*csslint\\n\\","*/\\n\\","textarea {\\n\\","    font-family: monospace;\\n\\","    height: 10rem;\\n\\","    width: 100%;\\n\\","}\\n\\","textarea[readonly] {\\n\\","    background: #ddd;\\n\\","}\\n\\","</style>\\n\\","</head>\\n\\","<body>\\n\\","<!-- utility2-comment\\n\\","<div id=\"ajaxProgressDiv1\" style=\"background: #d00; height: 2px; left: 0; margin: 0; padding: 0; position: fixed; top: 0; transition: background 0.5s, width 1.5s; width: 25%;\"></div>\\n\\","utility2-comment -->\\n\\","<h1>\\n\\","<!-- utility2-comment\\n\\","    <a\\n\\","        {{#if env.npm_package_homepage}}\\n\\","        href=\"{{env.npm_package_homepage}}\"\\n\\","        {{/if env.npm_package_homepage}}\\n\\","        target=\"_blank\"\\n\\","    >\\n\\","utility2-comment -->\\n\\","        {{env.npm_package_name}} (v{{env.npm_package_version}})\\n\\","<!-- utility2-comment\\n\\","    </a>\\n\\","utility2-comment -->\\n\\","</h1>\\n\\","<h3>{{env.npm_package_description}}</h3>\\n\\","<!-- utility2-comment\\n\\","<h4><a download href=\"assets.app.js\">download standalone app</a></h4>\\n\\","<button class=\"onclick onreset\" id=\"testRunButton1\">run internal test</button><br>\\n\\","<div id=\"testReportDiv1\" style=\"display: none;\"></div>\\n\\","utility2-comment -->\\n\\","\\n\\","\\n\\","\\n\\","<label>stderr and stdout</label>\\n\\","<textarea class=\"resettable\" id=\"outputTextareaStdout1\" readonly></textarea>\\n\\","<!-- utility2-comment\\n\\","{{#if isRollup}}\\n\\","<script src=\"assets.app.js\"></script>\\n\\","{{#unless isRollup}}\\n\\","utility2-comment -->\\n\\","<script src=\"assets.utility2.rollup.js\"></script>\\n\\","<script src=\"jsonp.utility2._stateInit?callback=window.utility2._stateInit\"></script>\\n\\","<script src=\"assets.npmtest_ember_cli.rollup.js\"></script>\\n\\","<script src=\"assets.example.js\"></script>\\n\\","<script src=\"assets.test.js\"></script>\\n\\","<!-- utility2-comment\\n\\","{{/if isRollup}}\\n\\","utility2-comment -->\\n\\","<div class=\"utility2FooterDiv\">\\n\\","    [ this app was created with\\n\\","    <a href=\"https://github.com/kaizhu256/node-utility2\" target=\"_blank\">utility2</a>\\n\\","    ]\\n\\","</div>\\n\\","</body>\\n\\","</html>\\n\\","';","        /* jslint-ignore-end */","        if (local.templateRender) {","            local.assetsDict['/'] = local.templateRender(","                local.assetsDict['/assets.index.template.html'],","                {","                    env: local.objectSetDefault(local.env, {","                        npm_package_description: 'the greatest app in the world!',","                        npm_package_name: 'my-app',","                        npm_package_nameAlias: 'my_app',","                        npm_package_version: '0.0.1'","                    })","                }","            );","        } else {","            local.assetsDict['/'] = local.assetsDict['/assets.index.template.html']","                .replace((/\\{\\{env\\.(\\w+?)\\}\\}/g), function (match0, match1) {","                    // jslint-hack","                    String(match0);","                    switch (match1) {","                    case 'npm_package_description':","                        return 'the greatest app in the world!';","                    case 'npm_package_name':","                        return 'my-app';","                    case 'npm_package_nameAlias':","                        return 'my_app';","                    case 'npm_package_version':","                        return '0.0.1';","                    }","                });","        }","        // run the cli","        if (local.global.utility2_rollup || module !== require.main) {","            break;","        }","        local.assetsDict['/assets.example.js'] =","            local.assetsDict['/assets.example.js'] ||","            local.fs.readFileSync(__filename, 'utf8');","        // bug-workaround - long $npm_package_buildCustomOrg","        /* jslint-ignore-begin */","        local.assetsDict['/assets.npmtest_ember_cli.rollup.js'] =","            local.assetsDict['/assets.npmtest_ember_cli.rollup.js'] ||","            local.fs.readFileSync(","                local.npmtest_ember_cli.__dirname + '/lib.npmtest_ember_cli.js',","                'utf8'","            ).replace((/^#!/), '//');","        /* jslint-ignore-end */","        local.assetsDict['/favicon.ico'] = local.assetsDict['/favicon.ico'] || '';","        // if $npm_config_timeout_exit exists,","        // then exit this process after $npm_config_timeout_exit ms","        if (Number(process.env.npm_config_timeout_exit)) {","            setTimeout(process.exit, Number(process.env.npm_config_timeout_exit));","        }","        // start server","        if (local.global.utility2_serverHttp1) {","            break;","        }","        process.env.PORT = process.env.PORT || '8081';","        console.error('server starting on port ' + process.env.PORT);","        local.http.createServer(function (request, response) {","            request.urlParsed = local.url.parse(request.url);","            if (local.assetsDict[request.urlParsed.pathname] !== undefined) {","                response.end(local.assetsDict[request.urlParsed.pathname]);","                return;","            }","            response.statusCode = 404;","            response.end();","        }).listen(process.env.PORT);","        break;","    }","}());",""],"l":{"26":2,"28":2,"33":2,"35":2,"37":2,"38":2,"39":2,"44":1,"51":2,"55":2,"59":2,"61":2,"69":1,"70":2,"76":2,"79":2,"82":2,"83":2,"85":1,"89":2,"92":1,"93":1,"94":1,"96":1,"97":1,"100":1,"101":1,"103":1,"106":1,"108":2,"114":1,"116":1,"118":1,"123":1,"124":2,"125":2,"126":3,"127":3,"128":3,"129":3,"130":1,"133":3,"134":3,"139":3,"143":1,"144":3,"145":1,"149":1,"150":1,"158":1,"160":1,"161":1,"162":1,"164":1,"166":1,"258":1,"259":1,"271":1,"274":6,"275":6,"277":1,"279":2,"281":1,"283":2,"288":1,"289":1,"291":1,"296":1,"303":1,"306":1,"307":1,"310":1,"311":1,"313":1,"314":1,"315":1,"316":1,"317":1,"318":1,"319":1,"321":1,"322":1,"324":1}},"/home/travis/build/npmtest/node-npmtest-ember-cli/node_modules/ember-cli/lib/cli/index.js":{"path":"/home/travis/build/npmtest/node-npmtest-ember-cli/node_modules/ember-cli/lib/cli/index.js","s":{"1":1,"2":1,"3":1,"4":0,"5":0,"6":0,"7":1,"8":1,"9":1,"10":1,"11":1,"12":1,"13":1,"14":1,"15":1,"16":1,"17":1,"18":1,"19":0,"20":0,"21":0,"22":0,"23":0,"24":1,"25":0,"26":0,"27":0,"28":0,"29":0,"30":1,"31":0,"32":0,"33":0,"34":0,"35":0,"36":0,"37":0,"38":0,"39":1,"40":0,"41":0,"42":0,"43":0,"44":1,"45":0,"46":0,"47":0,"48":0,"49":0,"50":0,"51":0,"52":0,"53":0,"54":0,"55":0,"56":0,"57":0,"58":0,"59":0,"60":0,"61":0,"62":0,"63":0,"64":0,"65":0},"b":{"1":[0,1],"2":[0,0],"3":[0,0],"4":[0,0],"5":[0,0],"6":[0,0],"7":[0,0],"8":[0,0],"9":[0,0],"10":[0,0],"11":[0,0,0,0,0],"12":[0,0],"13":[0,0],"14":[0,0],"15":[0,0]},"f":{"1":0,"2":0,"3":0,"4":0,"5":0},"fnMap":{"1":{"name":"loadCommands","line":40,"loc":{"start":{"line":40,"column":0},"end":{"line":40,"column":24}}},"2":{"name":"loadTasks","line":48,"loc":{"start":{"line":48,"column":0},"end":{"line":48,"column":21}}},"3":{"name":"clientId","line":56,"loc":{"start":{"line":56,"column":0},"end":{"line":56,"column":20}}},"4":{"name":"configureLogger","line":70,"loc":{"start":{"line":70,"column":0},"end":{"line":70,"column":30}}},"5":{"name":"(anonymous_5)","line":79,"loc":{"start":{"line":79,"column":17},"end":{"line":79,"column":35}}}},"statementMap":{"1":{"start":{"line":3,"column":0},"end":{"line":3,"column":64}},"2":{"start":{"line":5,"column":0},"end":{"line":5,"column":24}},"3":{"start":{"line":6,"column":0},"end":{"line":13,"column":1}},"4":{"start":{"line":7,"column":2},"end":{"line":7,"column":41}},"5":{"start":{"line":8,"column":2},"end":{"line":8,"column":56}},"6":{"start":{"line":9,"column":2},"end":{"line":12,"column":4}},"7":{"start":{"line":17,"column":0},"end":{"line":17,"column":38}},"8":{"start":{"line":20,"column":0},"end":{"line":20,"column":62}},"9":{"start":{"line":21,"column":0},"end":{"line":21,"column":52}},"10":{"start":{"line":22,"column":0},"end":{"line":22,"column":65}},"11":{"start":{"line":23,"column":0},"end":{"line":23,"column":55}},"12":{"start":{"line":24,"column":0},"end":{"line":24,"column":29}},"13":{"start":{"line":25,"column":0},"end":{"line":25,"column":39}},"14":{"start":{"line":34,"column":0},"end":{"line":34,"column":30}},"15":{"start":{"line":36,"column":0},"end":{"line":36,"column":36}},"16":{"start":{"line":37,"column":0},"end":{"line":37,"column":30}},"17":{"start":{"line":38,"column":0},"end":{"line":38,"column":46}},"18":{"start":{"line":40,"column":0},"end":{"line":46,"column":1}},"19":{"start":{"line":41,"column":2},"end":{"line":41,"column":46}},"20":{"start":{"line":42,"column":2},"end":{"line":42,"column":47}},"21":{"start":{"line":43,"column":2},"end":{"line":43,"column":56}},"22":{"start":{"line":44,"column":2},"end":{"line":44,"column":15}},"23":{"start":{"line":45,"column":2},"end":{"line":45,"column":14}},"24":{"start":{"line":48,"column":0},"end":{"line":54,"column":1}},"25":{"start":{"line":49,"column":2},"end":{"line":49,"column":43}},"26":{"start":{"line":50,"column":2},"end":{"line":50,"column":41}},"27":{"start":{"line":51,"column":2},"end":{"line":51,"column":50}},"28":{"start":{"line":52,"column":2},"end":{"line":52,"column":15}},"29":{"start":{"line":53,"column":2},"end":{"line":53,"column":14}},"30":{"start":{"line":56,"column":0},"end":{"line":68,"column":1}},"31":{"start":{"line":57,"column":2},"end":{"line":57,"column":45}},"32":{"start":{"line":58,"column":2},"end":{"line":58,"column":49}},"33":{"start":{"line":59,"column":2},"end":{"line":59,"column":40}},"34":{"start":{"line":61,"column":2},"end":{"line":67,"column":3}},"35":{"start":{"line":62,"column":4},"end":{"line":62,"column":14}},"36":{"start":{"line":64,"column":4},"end":{"line":64,"column":41}},"37":{"start":{"line":65,"column":4},"end":{"line":65,"column":37}},"38":{"start":{"line":66,"column":4},"end":{"line":66,"column":14}},"39":{"start":{"line":70,"column":0},"end":{"line":76,"column":1}},"40":{"start":{"line":71,"column":2},"end":{"line":71,"column":41}},"41":{"start":{"line":72,"column":2},"end":{"line":75,"column":3}},"42":{"start":{"line":73,"column":4},"end":{"line":73,"column":63}},"43":{"start":{"line":74,"column":4},"end":{"line":74,"column":28}},"44":{"start":{"line":79,"column":0},"end":{"line":154,"column":2}},"45":{"start":{"line":80,"column":2},"end":{"line":80,"column":47}},"46":{"start":{"line":81,"column":2},"end":{"line":81,"column":42}},"47":{"start":{"line":82,"column":2},"end":{"line":82,"column":31}},"48":{"start":{"line":83,"column":2},"end":{"line":83,"column":45}},"49":{"start":{"line":84,"column":2},"end":{"line":84,"column":47}},"50":{"start":{"line":86,"column":2},"end":{"line":86,"column":31}},"51":{"start":{"line":89,"column":2},"end":{"line":96,"column":5}},"52":{"start":{"line":98,"column":2},"end":{"line":100,"column":5}},"53":{"start":{"line":102,"column":2},"end":{"line":102,"column":18}},"54":{"start":{"line":104,"column":2},"end":{"line":108,"column":35}},"55":{"start":{"line":110,"column":2},"end":{"line":116,"column":4}},"56":{"start":{"line":118,"column":2},"end":{"line":120,"column":4}},"57":{"start":{"line":122,"column":2},"end":{"line":126,"column":3}},"58":{"start":{"line":123,"column":4},"end":{"line":123,"column":71}},"59":{"start":{"line":125,"column":4},"end":{"line":125,"column":37}},"60":{"start":{"line":128,"column":2},"end":{"line":128,"column":39}},"61":{"start":{"line":130,"column":2},"end":{"line":130,"column":35}},"62":{"start":{"line":132,"column":2},"end":{"line":141,"column":5}},"63":{"start":{"line":143,"column":2},"end":{"line":143,"column":54}},"64":{"start":{"line":145,"column":2},"end":{"line":151,"column":4}},"65":{"start":{"line":153,"column":2},"end":{"line":153,"column":30}}},"branchMap":{"1":{"line":6,"type":"if","locations":[{"start":{"line":6,"column":0},"end":{"line":6,"column":0}},{"start":{"line":6,"column":0},"end":{"line":6,"column":0}}]},"2":{"line":61,"type":"if","locations":[{"start":{"line":61,"column":2},"end":{"line":61,"column":2}},{"start":{"line":61,"column":2},"end":{"line":61,"column":2}}]},"3":{"line":72,"type":"if","locations":[{"start":{"line":72,"column":2},"end":{"line":72,"column":2}},{"start":{"line":72,"column":2},"end":{"line":72,"column":2}}]},"4":{"line":80,"type":"binary-expr","locations":[{"start":{"line":80,"column":11},"end":{"line":80,"column":21}},{"start":{"line":80,"column":25},"end":{"line":80,"column":46}}]},"5":{"line":81,"type":"binary-expr","locations":[{"start":{"line":81,"column":12},"end":{"line":81,"column":23}},{"start":{"line":81,"column":27},"end":{"line":81,"column":41}}]},"6":{"line":83,"type":"binary-expr","locations":[{"start":{"line":83,"column":13},"end":{"line":83,"column":25}},{"start":{"line":83,"column":29},"end":{"line":83,"column":44}}]},"7":{"line":92,"type":"binary-expr","locations":[{"start":{"line":92,"column":17},"end":{"line":92,"column":36}},{"start":{"line":92,"column":40},"end":{"line":92,"column":54}}]},"8":{"line":93,"type":"binary-expr","locations":[{"start":{"line":93,"column":14},"end":{"line":93,"column":30}},{"start":{"line":93,"column":34},"end":{"line":93,"column":36}}]},"9":{"line":94,"type":"binary-expr","locations":[{"start":{"line":94,"column":8},"end":{"line":94,"column":22}},{"start":{"line":94,"column":26},"end":{"line":94,"column":67}}]},"10":{"line":95,"type":"cond-expr","locations":[{"start":{"line":95,"column":60},"end":{"line":95,"column":67}},{"start":{"line":95,"column":70},"end":{"line":95,"column":79}}]},"11":{"line":104,"type":"binary-expr","locations":[{"start":{"line":104,"column":26},"end":{"line":104,"column":41}},{"start":{"line":105,"column":5},"end":{"line":105,"column":56}},{"start":{"line":106,"column":4},"end":{"line":106,"column":38}},{"start":{"line":107,"column":4},"end":{"line":107,"column":45}},{"start":{"line":108,"column":4},"end":{"line":108,"column":34}}]},"12":{"line":122,"type":"if","locations":[{"start":{"line":122,"column":2},"end":{"line":122,"column":2}},{"start":{"line":122,"column":2},"end":{"line":122,"column":2}}]},"13":{"line":136,"type":"cond-expr","locations":[{"start":{"line":136,"column":24},"end":{"line":136,"column":40}},{"start":{"line":136,"column":43},"end":{"line":136,"column":50}}]},"14":{"line":138,"type":"cond-expr","locations":[{"start":{"line":138,"column":24},"end":{"line":138,"column":40}},{"start":{"line":138,"column":43},"end":{"line":138,"column":78}}]},"15":{"line":139,"type":"cond-expr","locations":[{"start":{"line":139,"column":30},"end":{"line":139,"column":52}},{"start":{"line":139,"column":55},"end":{"line":139,"column":66}}]}},"code":["'use strict';","","const instrumentation = require('../utilities/instrumentation');","","let initInstrumentation;","if (instrumentation.instrumentationEnabled()) {","  const heimdall = require('heimdalljs');","  let initInstrumentationToken = heimdall.start('init');","  initInstrumentation = {","    token: initInstrumentationToken,","    node: heimdall.current,","  };","}","","// work around misbehaving libraries, so we can correctly cleanup before","// actually exiting.","require('capture-exit').captureExit();","","// Main entry point","const requireAsHash = require('../utilities/require-as-hash');","const packageConfig = require('../../package.json');","let logger = require('heimdalljs-logger')('ember-cli:cli/index');","const merge = require('ember-cli-lodash-subset').merge;","const path = require('path');","const heimdall = require('heimdalljs');","","// ember-cli and user apps have many dependencies, many of which require","// process.addListener('exit', ....) for cleanup, by default this limit for","// such listeners is 10, recently users have been increasing this and not to","// their fault, rather they are including large and more diverse sets of","// node_modules.","//","// https://github.com/babel/ember-cli-babel/issues/76","process.setMaxListeners(1000);","","let version = packageConfig.version;","let name = packageConfig.name;","let trackingCode = packageConfig.trackingCode;","","function loadCommands() {","  let token = heimdall.start('load-commands');","  const Command = require('../models/command');","  let hash = requireAsHash('../commands/*.js', Command);","  token.stop();","  return hash;","}","","function loadTasks() {","  let token = heimdall.start('load-tasks');","  const Task = require('../models/task');","  let hash = requireAsHash('../tasks/*.js', Task);","  token.stop();","  return hash;","}","","function clientId() {","  const ConfigStore = require('configstore');","  let configStore = new ConfigStore('ember-cli');","  let id = configStore.get('client-id');","","  if (id) {","    return id;","  } else {","    id = require('uuid').v4().toString();","    configStore.set('client-id', id);","    return id;","  }","}","","function configureLogger(env) {","  let depth = Number(env['DEBUG_DEPTH']);","  if (depth) {","    let logConfig = require('heimdalljs').configFor('logging');","    logConfig.depth = depth;","  }","}","","// Options: Array cliArgs, Stream inputStream, Stream outputStream","module.exports = function(options) {","  let UI = options.UI || require('console-ui');","  let Yam = options.Yam || require('yam');","  const CLI = require('./cli');","  let Leek = options.Leek || require('leek');","  const Project = require('../models/project');","","  configureLogger(process.env);","","  // TODO: one UI (lib/models/project.js also has one for now...)","  let ui = new UI({","    inputStream: options.inputStream,","    outputStream: options.outputStream,","    errorStream: options.errorStream || process.stderr,","    errorLog: options.errorLog || [],","    ci: process.env.CI || (/^(dumb|emacs)$/).test(process.env.TERM),","    writeLevel: (process.argv.indexOf('--silent') !== -1) ? 'ERROR' : undefined,","  });","","  let config = new Yam('ember-cli', {","    primary: Project.getProjectRoot(),","  });","","  let leekOptions;","","  let disableAnalytics = (options.cliArgs &&","    (options.cliArgs.indexOf('--disable-analytics') > -1 ||","    options.cliArgs.indexOf('-v') > -1 ||","    options.cliArgs.indexOf('--version') > -1)) ||","    config.get('disableAnalytics');","","  let defaultLeekOptions = {","    trackingCode,","    globalName: name,","    name: clientId(),","    version,","    silent: disableAnalytics,","  };","","  let defaultUpdateCheckerOptions = {","    checkForUpdates: false,","  };","","  if (config.get('leekOptions')) {","    leekOptions = merge(defaultLeekOptions, config.get('leekOptions'));","  } else {","    leekOptions = defaultLeekOptions;","  }","","  logger.info('leek: %o', leekOptions);","","  let leek = new Leek(leekOptions);","","  let cli = new CLI({","    ui,","    analytics: leek,","    testing: options.testing,","    name: options.cli ? options.cli.name : 'ember',","    disableDependencyChecker: options.disableDependencyChecker,","    root: options.cli ? options.cli.root : path.resolve(__dirname, '..', '..'),","    npmPackage: options.cli ? options.cli.npmPackage : 'ember-cli',","    initInstrumentation,","  });","","  let project = Project.projectOrnullProject(ui, cli);","","  let environment = {","    tasks: loadTasks(),","    cliArgs: options.cliArgs,","    commands: loadCommands(),","    project,","    settings: merge(defaultUpdateCheckerOptions, config.getAll()),","  };","","  return cli.run(environment);","};",""],"l":{"3":1,"5":1,"6":1,"7":0,"8":0,"9":0,"17":1,"20":1,"21":1,"22":1,"23":1,"24":1,"25":1,"34":1,"36":1,"37":1,"38":1,"40":1,"41":0,"42":0,"43":0,"44":0,"45":0,"48":1,"49":0,"50":0,"51":0,"52":0,"53":0,"56":1,"57":0,"58":0,"59":0,"61":0,"62":0,"64":0,"65":0,"66":0,"70":1,"71":0,"72":0,"73":0,"74":0,"79":1,"80":0,"81":0,"82":0,"83":0,"84":0,"86":0,"89":0,"98":0,"102":0,"104":0,"110":0,"118":0,"122":0,"123":0,"125":0,"128":0,"130":0,"132":0,"143":0,"145":0,"153":0}},"/home/travis/build/npmtest/node-npmtest-ember-cli/node_modules/ember-cli/lib/utilities/instrumentation.js":{"path":"/home/travis/build/npmtest/node-npmtest-ember-cli/node_modules/ember-cli/lib/utilities/instrumentation.js","s":{"1":1,"2":1,"3":1,"4":1,"5":1,"6":0,"7":0,"8":1,"9":1,"10":1,"11":1},"b":{"1":[1,0],"2":[0,1],"3":[1,0],"4":[1,1],"5":[1,1]},"f":{"1":1,"2":1},"fnMap":{"1":{"name":"vizEnabled","line":5,"loc":{"start":{"line":5,"column":0},"end":{"line":5,"column":22}}},"2":{"name":"instrumentationEnabled","line":18,"loc":{"start":{"line":18,"column":0},"end":{"line":18,"column":34}}}},"statementMap":{"1":{"start":{"line":3,"column":0},"end":{"line":3,"column":32}},"2":{"start":{"line":5,"column":0},"end":{"line":16,"column":1}},"3":{"start":{"line":6,"column":2},"end":{"line":6,"column":51}},"4":{"start":{"line":7,"column":2},"end":{"line":7,"column":65}},"5":{"start":{"line":9,"column":2},"end":{"line":13,"column":3}},"6":{"start":{"line":11,"column":4},"end":{"line":11,"column":122}},"7":{"start":{"line":12,"column":4},"end":{"line":12,"column":31}},"8":{"start":{"line":15,"column":2},"end":{"line":15,"column":38}},"9":{"start":{"line":18,"column":0},"end":{"line":20,"column":1}},"10":{"start":{"line":19,"column":2},"end":{"line":19,"column":71}},"11":{"start":{"line":23,"column":0},"end":{"line":26,"column":2}}},"branchMap":{"1":{"line":7,"type":"binary-expr","locations":[{"start":{"line":7,"column":24},"end":{"line":7,"column":50}},{"start":{"line":7,"column":54},"end":{"line":7,"column":64}}]},"2":{"line":9,"type":"if","locations":[{"start":{"line":9,"column":2},"end":{"line":9,"column":2}},{"start":{"line":9,"column":2},"end":{"line":9,"column":2}}]},"3":{"line":9,"type":"binary-expr","locations":[{"start":{"line":9,"column":6},"end":{"line":9,"column":21}},{"start":{"line":9,"column":25},"end":{"line":9,"column":45}}]},"4":{"line":15,"type":"binary-expr","locations":[{"start":{"line":15,"column":9},"end":{"line":15,"column":18}},{"start":{"line":15,"column":22},"end":{"line":15,"column":37}}]},"5":{"line":19,"type":"binary-expr","locations":[{"start":{"line":19,"column":9},"end":{"line":19,"column":21}},{"start":{"line":19,"column":25},"end":{"line":19,"column":70}}]}},"code":["'use strict';","","let _hasWarnedLegacyViz = false;","","function vizEnabled() {","  let isEnabled = process.env.BROCCOLI_VIZ === '1';","  let isLegacyEnabled = !!process.env.BROCCOLI_VIZ && !isEnabled;","","  if (isLegacyEnabled && !_hasWarnedLegacyViz) {","    // TODO: this.ui","    console.warn(`Please set BROCCOLI_VIZ=1 to enable visual instrumentation, rather than '${process.env.BROCCOLI_VIZ}'`);","    _hasWarnedLegacyViz = true;","  }","","  return isEnabled || isLegacyEnabled;","}","","function instrumentationEnabled() {","  return vizEnabled() || process.env.EMBER_CLI_INSTRUMENTATION === '1';","}","","","module.exports = {","  vizEnabled,","  instrumentationEnabled,","};",""],"l":{"3":1,"5":1,"6":1,"7":1,"9":1,"11":0,"12":0,"15":1,"18":1,"19":1,"23":1}},"/home/travis/build/npmtest/node-npmtest-ember-cli/node_modules/ember-cli/lib/utilities/require-as-hash.js":{"path":"/home/travis/build/npmtest/node-npmtest-ember-cli/node_modules/ember-cli/lib/utilities/require-as-hash.js","s":{"1":1,"2":1,"3":1,"4":1,"5":1,"6":1,"7":0,"8":0,"9":0,"10":0,"11":0,"12":0},"b":{"1":[0,0],"2":[0,0]},"f":{"1":0},"fnMap":{"1":{"name":"requireAsHash","line":22,"loc":{"start":{"line":22,"column":0},"end":{"line":22,"column":38}}}},"statementMap":{"1":{"start":{"line":2,"column":0},"end":{"line":2,"column":54}},"2":{"start":{"line":17,"column":0},"end":{"line":17,"column":38}},"3":{"start":{"line":18,"column":0},"end":{"line":18,"column":29}},"4":{"start":{"line":19,"column":0},"end":{"line":19,"column":49}},"5":{"start":{"line":21,"column":0},"end":{"line":21,"column":31}},"6":{"start":{"line":22,"column":0},"end":{"line":32,"column":1}},"7":{"start":{"line":23,"column":2},"end":{"line":23,"column":52}},"8":{"start":{"line":24,"column":2},"end":{"line":31,"column":9}},"9":{"start":{"line":26,"column":4},"end":{"line":26,"column":54}},"10":{"start":{"line":27,"column":4},"end":{"line":29,"column":5}},"11":{"start":{"line":28,"column":6},"end":{"line":28,"column":69}},"12":{"start":{"line":30,"column":4},"end":{"line":30,"column":16}}},"branchMap":{"1":{"line":27,"type":"if","locations":[{"start":{"line":27,"column":4},"end":{"line":27,"column":4}},{"start":{"line":27,"column":4},"end":{"line":27,"column":4}}]},"2":{"line":27,"type":"binary-expr","locations":[{"start":{"line":27,"column":8},"end":{"line":27,"column":13}},{"start":{"line":27,"column":18},"end":{"line":27,"column":49}}]}},"code":["'use strict';","const stringUtils = require('ember-cli-string-utils');","","// Gathers subclasses of a certain specified base class into a hash.","//","// e.g.:","// Files:","// - ./hamster.js which exports a class of Hamster subclass of Rodent","// - ./parrot.js which exports an instance of Parrot (not a Rodent!)","//","// requireAsHash('./*.js', Rodent):","// {","//   Hamster: Hamster // Same as require('./hamster.js')","// }","","","const globSync = require('glob').sync;","const path = require('path');","const getCallerFile = require('get-caller-file');","","module.exports = requireAsHash;","function requireAsHash(pattern, type) {","  let callerFileDir = path.dirname(getCallerFile());","  return globSync(pattern, { cwd: callerFileDir }).reduce((hash, file) => {","","    const klass = require(`${callerFileDir}/${file}`);","    if (!type || (klass.prototype instanceof type)) {","      hash[stringUtils.classify(path.basename(file, '.js'))] = klass;","    }","    return hash;","  }, {});","}",""],"l":{"2":1,"17":1,"18":1,"19":1,"21":1,"22":1,"23":0,"24":0,"26":0,"27":0,"28":0,"30":0}},"/home/travis/build/npmtest/node-npmtest-ember-cli/node_modules/ember-cli-string-utils/index.js":{"path":"/home/travis/build/npmtest/node-npmtest-ember-cli/node_modules/ember-cli-string-utils/index.js","s":{"1":1,"2":1,"3":1,"4":1,"5":1,"6":1,"7":1,"8":0,"9":1,"10":0,"11":0,"12":0,"13":0,"14":0,"15":0,"16":1,"17":0,"18":0,"19":0,"20":1,"21":0,"22":0,"23":0,"24":0,"25":0,"26":1,"27":0,"28":1,"29":0,"30":1},"b":{"1":[0,0],"2":[0,0]},"f":{"1":0,"2":0,"3":0,"4":0,"5":0,"6":0,"7":0,"8":0},"fnMap":{"1":{"name":"decamelize","line":24,"loc":{"start":{"line":24,"column":0},"end":{"line":24,"column":25}}},"2":{"name":"dasherize","line":42,"loc":{"start":{"line":42,"column":0},"end":{"line":42,"column":24}}},"3":{"name":"camelize","line":72,"loc":{"start":{"line":72,"column":0},"end":{"line":72,"column":23}}},"4":{"name":"(anonymous_4)","line":73,"loc":{"start":{"line":73,"column":45},"end":{"line":73,"column":77}}},"5":{"name":"(anonymous_5)","line":75,"loc":{"start":{"line":75,"column":25},"end":{"line":75,"column":41}}},"6":{"name":"classify","line":94,"loc":{"start":{"line":94,"column":0},"end":{"line":94,"column":23}}},"7":{"name":"underscore","line":121,"loc":{"start":{"line":121,"column":0},"end":{"line":121,"column":25}}},"8":{"name":"capitalize","line":140,"loc":{"start":{"line":140,"column":0},"end":{"line":140,"column":25}}}},"statementMap":{"1":{"start":{"line":3,"column":0},"end":{"line":3,"column":40}},"2":{"start":{"line":4,"column":0},"end":{"line":4,"column":32}},"3":{"start":{"line":5,"column":0},"end":{"line":5,"column":53}},"4":{"start":{"line":6,"column":0},"end":{"line":6,"column":52}},"5":{"start":{"line":7,"column":0},"end":{"line":7,"column":56}},"6":{"start":{"line":8,"column":0},"end":{"line":8,"column":45}},"7":{"start":{"line":24,"column":0},"end":{"line":26,"column":1}},"8":{"start":{"line":25,"column":2},"end":{"line":25,"column":70}},"9":{"start":{"line":42,"column":0},"end":{"line":55,"column":1}},"10":{"start":{"line":43,"column":2},"end":{"line":45,"column":10}},"11":{"start":{"line":47,"column":2},"end":{"line":52,"column":3}},"12":{"start":{"line":48,"column":4},"end":{"line":48,"column":22}},"13":{"start":{"line":50,"column":4},"end":{"line":50,"column":63}},"14":{"start":{"line":51,"column":4},"end":{"line":51,"column":21}},"15":{"start":{"line":54,"column":2},"end":{"line":54,"column":13}},"16":{"start":{"line":72,"column":0},"end":{"line":78,"column":1}},"17":{"start":{"line":73,"column":2},"end":{"line":77,"column":5}},"18":{"start":{"line":74,"column":4},"end":{"line":74,"column":40}},"19":{"start":{"line":76,"column":4},"end":{"line":76,"column":31}},"20":{"start":{"line":94,"column":0},"end":{"line":104,"column":1}},"21":{"start":{"line":95,"column":2},"end":{"line":96,"column":15}},"22":{"start":{"line":98,"column":2},"end":{"line":101,"column":3}},"23":{"start":{"line":99,"column":4},"end":{"line":99,"column":39}},"24":{"start":{"line":100,"column":4},"end":{"line":100,"column":70}},"25":{"start":{"line":103,"column":2},"end":{"line":103,"column":23}},"26":{"start":{"line":121,"column":0},"end":{"line":124,"column":1}},"27":{"start":{"line":122,"column":2},"end":{"line":123,"column":59}},"28":{"start":{"line":140,"column":0},"end":{"line":142,"column":1}},"29":{"start":{"line":141,"column":2},"end":{"line":141,"column":53}},"30":{"start":{"line":144,"column":0},"end":{"line":151,"column":2}}},"branchMap":{"1":{"line":47,"type":"if","locations":[{"start":{"line":47,"column":2},"end":{"line":47,"column":2}},{"start":{"line":47,"column":2},"end":{"line":47,"column":2}}]},"2":{"line":74,"type":"cond-expr","locations":[{"start":{"line":74,"column":17},"end":{"line":74,"column":34}},{"start":{"line":74,"column":37},"end":{"line":74,"column":39}}]}},"code":["'use strict';","","var STRING_DASHERIZE_REGEXP = (/[ _]/g);","var STRING_DASHERIZE_CACHE = {};","var STRING_DECAMELIZE_REGEXP = (/([a-z\\d])([A-Z])/g);","var STRING_CAMELIZE_REGEXP = (/(\\-|_|\\.|\\s)+(.)?/g);","var STRING_UNDERSCORE_REGEXP_1 = (/([a-z\\d])([A-Z]+)/g);","var STRING_UNDERSCORE_REGEXP_2 = (/\\-|\\s+/g);","","/**","  Converts a camelized string into all lower case separated by underscores.","","  ```javascript","  decamelize('innerHTML');         // 'inner_html'","  decamelize('action_name');       // 'action_name'","  decamelize('css-class-name');    // 'css-class-name'","  decamelize('my favorite items'); // 'my favorite items'","  ```","","  @method decamelize","  @param {String} str The string to decamelize.","  @return {String} the decamelized string.","*/","function decamelize(str) {","  return str.replace(STRING_DECAMELIZE_REGEXP, '$1_$2').toLowerCase();","}","","/**","  Replaces underscores, spaces, or camelCase with dashes.","","  ```javascript","  dasherize('innerHTML');         // 'inner-html'","  dasherize('action_name');       // 'action-name'","  dasherize('css-class-name');    // 'css-class-name'","  dasherize('my favorite items'); // 'my-favorite-items'","  ```","","  @method dasherize","  @param {String} str The string to dasherize.","  @return {String} the dasherized string.","*/","function dasherize(str) {","  var cache = STRING_DASHERIZE_CACHE,","      hit   = cache.hasOwnProperty(str),","      ret;","","  if (hit) {","    return cache[str];","  } else {","    ret = decamelize(str).replace(STRING_DASHERIZE_REGEXP,'-');","    cache[str] = ret;","  }","","  return ret;","}","","/**","  Returns the lowerCamelCase form of a string.","","  ```javascript","  camelize('innerHTML');          // 'innerHTML'","  camelize('action_name');        // 'actionName'","  camelize('css-class-name');     // 'cssClassName'","  camelize('my favorite items');  // 'myFavoriteItems'","  camelize('My Favorite Items');  // 'myFavoriteItems'","  ```","","  @method camelize","  @param {String} str The string to camelize.","  @return {String} the camelized string.","*/","function camelize(str) {","  return str.replace(STRING_CAMELIZE_REGEXP, function(match, separator, chr) {","    return chr ? chr.toUpperCase() : '';","  }).replace(/^([A-Z])/, function(match) {","    return match.toLowerCase();","  });","}","","/**","  Returns the UpperCamelCase form of a string.","","  ```javascript","  'innerHTML'.classify();          // 'InnerHTML'","  'action_name'.classify();        // 'ActionName'","  'css-class-name'.classify();     // 'CssClassName'","  'my favorite items'.classify();  // 'MyFavoriteItems'","  ```","","  @method classify","  @param {String} str the string to classify","  @return {String} the classified string","*/","function classify(str) {","  var parts = str.split('.'),","      out = [];","","  for (var i=0, l=parts.length; i<l; i++) {","    var camelized = camelize(parts[i]);","    out.push(camelized.charAt(0).toUpperCase() + camelized.substr(1));","  }","","  return out.join('.');","}","","/**","  More general than decamelize. Returns the lower\\_case\\_and\\_underscored","  form of a string.","","  ```javascript","  'innerHTML'.underscore();          // 'inner_html'","  'action_name'.underscore();        // 'action_name'","  'css-class-name'.underscore();     // 'css_class_name'","  'my favorite items'.underscore();  // 'my_favorite_items'","  ```","","  @method underscore","  @param {String} str The string to underscore.","  @return {String} the underscored string.","*/","function underscore(str) {","  return str.replace(STRING_UNDERSCORE_REGEXP_1, '$1_$2').","    replace(STRING_UNDERSCORE_REGEXP_2, '_').toLowerCase();","}","","/**","  Returns the Capitalized form of a string","","  ```javascript","  'innerHTML'.capitalize()         // 'InnerHTML'","  'action_name'.capitalize()       // 'Action_name'","  'css-class-name'.capitalize()    // 'Css-class-name'","  'my favorite items'.capitalize() // 'My favorite items'","  ```","","  @method capitalize","  @param {String} str The string to capitalize.","  @return {String} The capitalized string.","*/","function capitalize(str) {","  return str.charAt(0).toUpperCase() + str.substr(1);","}","","module.exports = {","  decamelize: decamelize,","  dasherize: dasherize,","  camelize: camelize,","  classify: classify,","  underscore: underscore,","  capitalize: capitalize","};",""],"l":{"3":1,"4":1,"5":1,"6":1,"7":1,"8":1,"24":1,"25":0,"42":1,"43":0,"47":0,"48":0,"50":0,"51":0,"54":0,"72":1,"73":0,"74":0,"76":0,"94":1,"95":0,"98":0,"99":0,"100":0,"103":0,"121":1,"122":0,"140":1,"141":0,"144":1}},"/home/travis/build/npmtest/node-npmtest-ember-cli/node_modules/ember-cli-lodash-subset/index.js":{"path":"/home/travis/build/npmtest/node-npmtest-ember-cli/node_modules/ember-cli-lodash-subset/index.js","s":{"1":1,"2":1,"3":5,"4":5,"5":5,"6":0,"7":5,"8":5,"9":1,"10":8,"11":1,"12":13,"13":1,"14":14,"15":14,"16":1,"17":7,"18":0,"19":7,"20":7,"21":1,"22":7,"23":1,"24":12,"25":12,"26":12,"27":0,"28":0,"29":0,"30":1,"31":7,"32":0,"33":7,"34":7,"35":1,"36":7,"37":1,"38":7,"39":7,"40":1,"41":0,"42":1,"43":0,"44":1,"45":0,"46":0,"47":1,"48":0,"49":0,"50":0,"51":0,"52":0,"53":0,"54":1,"55":0,"56":1,"57":0,"58":0,"59":0,"60":0,"61":0,"62":0,"63":1,"64":8,"65":0,"66":0,"67":0,"68":0,"69":0,"70":0,"71":1,"72":8,"73":0,"74":1,"75":1,"76":1,"77":8,"78":8,"79":7,"80":0,"81":1,"82":8,"83":1,"84":8,"85":1,"86":0,"87":1,"88":0,"89":1,"90":0,"91":1,"92":0,"93":0,"94":0,"95":0,"96":1,"97":4,"98":0,"99":0,"100":0,"101":0,"102":0,"103":1,"104":0,"105":0,"106":1,"107":0,"108":0,"109":0,"110":1,"111":1,"112":1,"113":1,"114":1,"115":0,"116":1,"117":0,"118":1,"119":1,"120":0,"121":1,"122":0,"123":0,"124":0,"125":0,"126":1,"127":3,"128":0,"129":1,"130":0,"131":0,"132":0,"133":0,"134":0,"135":0,"136":1,"137":0,"138":1,"139":0,"140":1,"141":0,"142":0,"143":0,"144":0,"145":1,"146":0,"147":0,"148":0,"149":0,"150":0,"151":1,"152":0,"153":0,"154":1,"155":0,"156":1,"157":0,"158":0,"159":1,"160":0,"161":0,"162":0,"163":0,"164":1,"165":0,"166":1,"167":0,"168":0,"169":1,"170":0,"171":1,"172":0,"173":1,"174":2,"175":1,"176":0,"177":0,"178":1,"179":0,"180":0,"181":0,"182":0,"183":0,"184":1,"185":0,"186":0,"187":1,"188":0,"189":0,"190":1,"191":2,"192":2,"193":0,"194":0,"195":1,"196":1,"197":1,"198":0,"199":0,"200":1,"201":0,"202":0,"203":1,"204":0,"205":0,"206":1,"207":0,"208":1,"209":0,"210":1,"211":0,"212":0,"213":1,"214":1,"215":1,"216":0,"217":0,"218":1,"219":0,"220":0,"221":0,"222":0,"223
[...]
,_=!1,w=!1,O=!0;if(\"function\"!=typeof t)throw new TypeError(ei);return r=It(r)||0,e(n)&&(_=!!n.leading,w=\"maxWait\"in n,b=w?oi(It(n.maxWait)||0,r):b,O=\"trailing\"in n?!!n.trailing:O),v.cancel=l,v.flush=s,v}function Ct(t,r,n,e){return void 0===t||s(t,ii[n])&&!ci.call(e,n)?r:t}function Lt(t){var r=[];if(null!=t)for(var n in Object(t))r.push(n);return r}function Rt(t){if(!e(t))return Lt(t);var r=x(t),n=[];for(var o in t)(\"constructor\"!=o||!r&&fi.call(t,o))&&n.push(o);return n}function Vt(t){return w(t)?M(t,!0):Rt(t)}function Wt(t,r,n){(void 0===n||s(t[r],n))&&(void 0!==n||r in t)||l(t,r,n)}function qt(t){return function(r,n,e){for(var o=-1,u=Object(r),i=e(r),c=i.length;c--;){var a=i[t?c:++o];if(n(u[a],a,u)===!1)break}return r}}function Gt(t){return z(t)&&w(t)}function Ht(t){if(!z(t)||n(t)!=pi)return!1;var r=wu(t);if(null===r)return!0;var e=di.call(r,\"constructor\")&&r.constructor;return\"function\"==typeof e&&e instanceof e&&yi.call(e)==ji}function Jt(t){return p(t,Vt(t))}function Kt(t,r,n,u,i,c,a){var f=t[n],l=r[n],s=a.get(l);if(s)return void Wt(t,n,s);var v=c?c(f,l,n+\"\",t,r,a):void 0,p=void 0===v;if(p){var h=ge(l),b=!h&&xe(l),y=!h&&!b&&eo(l);v=l,h||b||y?ge(f)?v=f:Gt(f)?v=vt(f):b?(p=!1,v=st(l,!0)):y?(p=!1,v=Tt(l,!0)):v=[]:Ht(l)||je(l)?(v=f,je(f)?v=Jt(f):(!e(f)||u&&o(f))&&(v=Mt(l))):p=!1}p&&(a.set(l,v),i(v,l,u,c,a),a.delete(l)),Wt(t,n,v)}function Qt(t,r,n,o,u){t!==r&&vi(r,function(i,c){if(e(i))u||(u=new at),Kt(t,r,c,n,Qt,o,u);else{var a=o?o(t[c],i,c+\"\",t,r,u):void 0;void 0===a&&(a=i),Wt(t,c,a)}},Vt)}function Xt(t,r,n,o,u,i){return e(t)&&e(r)&&(i.set(r,t),Qt(t,r,void 0,Xt,i),i.delete(r)),t}function Yt(t,r){for(var n=-1,e=null==t?0:t.length,o=0,u=[];++n<e;){var i=t[n];r(i,n,t)&&(u[o++]=i)}return u}function Zt(t,r){return t&&vi(t,r,k)}function tr(t,r){return function(n,e){if(null==n)return n;if(!w(n))return t(n,e);for(var o=n.length,u=r?o:-1,i=Object(n);(r?u--:++u<o)&&e(i[u],u,i)!==!1;);return n}}function rr(t,r){var n=[];return wi(t,function(t,e,o){r(t,e,o)&&n.push(t)}),n}function nr(t){return this.__data__.set(t,Oi),this}function er(t){return this.__data__.has(t)}function or(t){var r=-1,n=null==t?0:t.length;for(this.__data__=new it;++r<n;)this.add(t[r])}function ur(t,r){for(var n=-1,e=null==t?0:t.length;++n<e;)if(r(t[n],n,t))return!0;return!1}function ir(t,r){return t.has(r)}function cr(t,r,n,e,o,u){var i=o&Ai,c=t.length,a=r.length;if(c!=a&&!(i&&a>c))return!1;var f=u.get(t);if(f&&u.get(r))return f==r;var l=-1,s=!0,v=o&mi?new or:void 0;for(u.set(t,r),u.set(r,t);++l<c;){var p=t[l],h=r[l];if(e)var b=i?e(h,p,l,r,t,u):e(p,h,l,t,r,u);if(void 0!==b){if(b)continue;s=!1;break}if(v){if(!ur(r,function(t,r){if(!ir(v,r)&&(p===t||n(p,t,e,o,u)))return v.push(r)})){s=!1;break}}else if(p!==h&&!n(p,h,e,o,u)){s=!1;break}}return u.delete(t),u.delete(r),s}function ar(t,r,n,e,o,u,i){switch(n){case Di:if(t.byteLength!=r.byteLength||t.byteOffset!=r.byteOffset)return!1;t=t.buffer,r=r.buffer;case Bi:return!(t.byteLength!=r.byteLength||!e(new Qo(t),new Qo(r)));case zi:case Pi:case Fi:return s(+t,+r);case Ei:return t.name==r.name&&t.message==r.message;case Mi:case $i:return t==r+\"\";case Ti:var c=mt;case Ui:var a=u&Si;if(c||(c=zt),t.size!=r.size&&!a)return!1;var f=i.get(t);if(f)return f==r;u|=xi,i.set(t,r);var l=cr(c(t),c(r),e,o,u,i);return i.delete(t),l;case ki:if(Ni)return Ni.call(t)==Ni.call(r)}return!1}function fr(t,r,n,e,o,u){var i=o&Ci,c=k(t),a=c.length,f=k(r),l=f.length;if(a!=l&&!i)return!1;for(var s=a;s--;){var v=c[s];if(!(i?v in r:Ri.call(r,v)))return!1}var p=u.get(t);if(p&&u.get(r))return p==r;var h=!0;u.set(t,r),u.set(r,t);for(var b=i;++s<a;){v=c[s];var y=t[v],d=r[v];if(e)var j=i?e(d,y,v,r,t,u):e(y,d,v,t,r,u);if(!(void 0===j?y===d||n(y,d,e,o,u):j)){h=!1;break}b||(b=\"constructor\"==v)}if(h&&!b){var g=t.constructor,_=r.constructor;g!=_&&\"constructor\"in t&&\"constructor\"in r&&!(\"function\"==typeof g&&g instanceof g&&\"function\"==typeof _&&_ instanceof _)&&(h=!1)}return u.delete(t),u.delete(r),h}function lr(t,r,n,e,o,u){var i=ge(t),c=ge(r),a=qi,f=qi;i||(a=Ho(t),a=a==Wi?Gi:a),c||(f=Ho(r),f=f==Wi?Gi:f);var l=a==Gi,s=f==Gi,v=a==f;if(v&&xe(t)){if(!xe(r))return!1;i=!0,l=!1}if(v&&!l)return u||(u=new at),i||eo(t)?cr(t,r,n,e,o,u):ar(t,r,a,n,e,o,u);if(!(o&Vi)){var p=l&&Ji.call(t,\"__wrapped__\"),h=s&&Ji.call(r,\"__wrapped__\");if(p||h){var b=p?t.value():t,y=h?r.value():r;return u||(u=new at),n(b,y,e,o,u)}}return!!v&&(u||(u=new at),fr(t,r,n,e,o,u))}function sr(t,r,n,o,u){return t===r||(null==t||null==r||!e(t)&&!z(r)?t!==t&&r!==r:lr(t,r,sr,n,o,u))}function vr(t,r,n,e){var o=n.length,u=o,i=!e;if(null==t)return!u;for(t=Object(t);o--;){var c=n[o];if(i&&c[2]?c[1]!==t[c[0]]:!(c[0]in t))return!1}for(;++o<u;){c=n[o];var a=c[0],f=t[a],l=c[1];if(i&&c[2]){if(void 0===f&&!(a in t))return!1}else{var s=new at;if(e)var v=e(f,l,a,t,r,s);if(!(void 0===v?sr(l,f,e,Ki|Qi,s):v))return!1}}return!0}function pr(t){return t===t&&!e(t)}function hr(t){for(var r=k(t),n=r.length;n--;){var e=r[n],o=t[e];r[n]=[e,o,pr(o)]}return r}function br(t,r){return function(n){return null!=n&&(n[t]===r&&(void 0!==r||t in Object(n)))}}function yr(t){var r=hr(t);return 1==r.length&&r[0][2]?br(r[0][0],r[0][1]):function(n){return n===t||vr(n,t,r)}}function dr(t,r){if(\"function\"!=typeof t||null!=r&&\"function\"!=typeof r)throw new TypeError(Xi);var n=function(){var e=arguments,o=r?r.apply(this,e):e[0],u=n.cache;if(u.has(o))return u.get(o);var i=t.apply(this,e);return n.cache=u.set(o,i)||u,i};return n.cache=new(dr.Cache||it),n}function jr(t){var r=dr(t,function(t){return n.size===Yi&&n.clear(),t}),n=r.cache;return r}function gr(t,r){for(var n=-1,e=null==t?0:t.length,o=Array(e);++n<e;)o[n]=r(t[n],n,t);return o}function _r(t){if(\"string\"==typeof t)return t;if(ge(t))return gr(t,_r)+\"\";if(Dt(t))return rc?rc.call(t):\"\";var r=t+\"\";return\"0\"==r&&1/t==-Zi?\"-0\":r}function wr(t){return null==t?\"\":_r(t)}function Or(t){return ge(t)?t:uc(t)}function mr(t,r){if(ge(t))return!1;var n=typeof t;return!(\"number\"!=n&&\"symbol\"!=n&&\"boolean\"!=n&&null!=t&&!Dt(t))||(cc.test(t)||!ic.test(t)||null!=r&&t in Object(r))}function Ar(t){if(\"string\"==typeof t||Dt(t))return t;var r=t+\"\";return\"0\"==r&&1/t==-ac?\"-0\":r}function xr(t,r){r=mr(r,t)?[r]:Or(r);for(var n=0,e=r.length;null!=t&&n<e;)t=t[Ar(r[n++])];return n&&n==e?t:void 0}function Sr(t,r,n){var e=null==t?void 0:xr(t,r);return void 0===e?n:e}function zr(t,r){return null!=t&&r in Object(t)}function Pr(t,r,n){r=mr(r,t)?[r]:Or(r);for(var e=-1,o=r.length,u=!1;++e<o;){var i=Ar(r[e]);if(!(u=null!=t&&n(t,i)))break;t=t[i]}return u||++e!=o?u:(o=null==t?0:t.length,!!o&&_(o)&&O(i,o)&&(ge(t)||je(t)))}function Er(t,r){return null!=t&&Pr(t,r,zr)}function Tr(t,r){return mr(t)&&pr(r)?br(Ar(t),r):function(n){var e=Sr(n,t);return void 0===e&&e===r?Er(n,t):sr(r,e,void 0,fc|lc)}}function Fr(t){return function(r){return null==r?void 0:r[t]}}function Mr(t){return function(r){return xr(r,t)}}function Ur(t){return mr(t)?Fr(Ar(t)):Mr(t)}function $r(t){return\"function\"==typeof t?t:null==t?h:\"object\"==typeof t?ge(t)?Tr(t[0],t[1]):yr(t):Ur(t)}function kr(t,r){var n=ge(t)?Yt:rr;return n(t,$r(r,3))}function Br(t){return function(r,n,e){var o=Object(r);if(!w(r)){var u=$r(n,3);r=k(r),n=function(t){return u(o[t],t,o)}}var i=t(r,n,e);return i>-1?o[u?r[i]:i]:void 0}}function Dr(t,r,n,e){for(var o=t.length,u=n+(e?1:-1);e?u--:++u<o;)if(r(t[u],u,t))return u;return-1}function Ir(t){if(!t)return 0===t?t:0;if(t=It(t),t===sc||t===-sc){var r=t<0?-1:1;return r*vc}return t===t?t:0}function Nr(t){var r=Ir(t),n=r%1;return r===r?n?r-n:r:0}function Cr(t,r,n){var e=null==t?0:t.length;if(!e)return-1;var o=null==n?0:Nr(n);return o<0&&(o=pc(e+o,0)),Dr(t,$r(r,3),o)}function Lr(t){return\"function\"==typeof t?t:h}function Rr(t,r){var n=ge(t)?ft:wi;return n(t,Lr(r))}function Vr(t,r){return t&&Zt(t,Lr(r))}function Wr(t){return t!==t}function qr(t,r,n){for(var e=n-1,o=t.length;++e<o;)if(t[e]===r)return e;return-1}function Gr(t,r,n){return r===r?qr(t,r,n):Dr(t,Wr,n)}function Hr(t){return\"string\"==typeof t||!ge(t)&&z(t)&&n(t)==bc}function Jr(t,r){return gr(r,function(r){return t[r]})}function Kr(t){return null==t?[]:Jr(t,k(t))}function Qr(t,r,n,e){t=w(t)?t:Kr(t),n=n&&!e?Nr(n):0;var o=t.length;return n<0&&(n=yc(o+n,0)),Hr(t)?n<=o&&t.indexOf(r,n)>-1:!!o&&Gr(t,r,n)>-1}function Xr(t,r){var n=null==t?0:t.length;return!!n&&Gr(t,r,0)>-1}function Yr(t,r,n){for(var e=-1,o=null==t?0:t.length;++e<o;)if(n(r,t[e]))return!0;return!1}function Zr(t,r,n){for(var e=n?Yr:Xr,o=t[0].length,u=t.length,i=u,c=Array(u),a=1/0,f=[];i--;){var l=t[i];i&&r&&(l=gr(l,F(r))),a=dc(l.length,a),c[i]=!n&&(r||o>=120&&l.length>=120)?new or(i&&l):void 0}l=t[0];var s=-1,v=c[0];t:for(;++s<o&&f.length<a;){var p=l[s],h=r?r(p):p;if(p=n||0!==p?p:0,!(v?ir(v,h):e(f,h,n))){for(i=u;--i;){var b=c[i];if(!(b?ir(b,h):e(t[i],h,n)))continue t}v&&v.push(h),f.push(p)}}return f}function tn(t){return Gt(t)?t:[]}function rn(t,r){return sr(t,r)}function nn(t){return null===t}function en(t,r){var n=-1,e=w(t)?Array(t.length):[];return wi(t,function(t,o,u){e[++n]=r(t,o,u)}),e}function on(t,r){var n=ge(t)?gr:en;return n(t,$r(r,3))}function un(t){if(\"function\"!=typeof t)throw new TypeError(_c);return function(){var r=arguments;switch(r.length){case 0:return!t.call(this);case 1:return!t.call(this,r[0]);case 2:return!t.call(this,r[0],r[1]);case 3:return!t.call(this,r[0],r[1],r[2])}return!t.apply(this,r)}}function cn(t,r,n){for(var e=-1,o=r.length,u={};++e<o;){var i=r[e],c=t[i];n(c,i)&&l(u,i,c)}return u}function an(t){return yt(t,Vt,Oc)}function fn(t,r){return null==t?{}:cn(t,an(t),$r(r))}function ln(t,r){return fn(t,un($r(r)))}function sn(t,r){var n=ge(t)?Yt:rr;return n(t,un($r(r,3)))}function vn(t){var r=null==t?0:t.length;return r?t[r-1]:void 0}function pn(t,r,n){var e=-1,o=t.length;r<0&&(r=-r>o?0:o+r),n=n>o?o:n,n<0&&(n+=o),o=r>n?0:n-r>>>0,r>>>=0;for(var u=Array(o);++e<o;)u[e]=t[e+r];return u}function hn(t,r){return 1==r.length?t:xr(t,pn(r,0,-1))}function bn(t,r){for(var n=t?r.length:0,e=n-1;n--;){var o=r[n];if(n==e||o!==u){var u=o;if(O(o))Ac.call(t,o,1);else if(mr(o,t))delete t[Ar(o)];else{var i=Or(o),c=hn(t,i);null!=c&&delete c[Ar(vn(i))]}}}return t}function yn(t,r){var n=[];if(!t||!t.length)return n;var e=-1,o=[],u=t.length;for(r=$r(r,3);++e<u;){var i=t[e];r(i,e,t)&&(n.push(i),o.push(e))}return bn(t,o),n}function dn(t,r){var n;return wi(t,function(t,e,o){return n=r(t,e,o),!n}),!!n}function jn(t,r,n){var e=ge(t)?ur:dn;return n&&m(t,r,n)&&(r=void 0),e(t,$r(r,3))}function gn(t){return ge(t)||je(t)||!!(xc&&t&&t[xc])}function _n(t,r,n,e,o){var u=-1,i=t.length;for(n||(n=gn),o||(o=[]);++u<i;){var c=t[u];r>0&&n(c)?r>1?_n(c,r-1,n,e,o):bt(o,c):e||(o[o.length]=c)}return o}function wn(){}function On(t,r,n){var e=-1,o=Xr,u=t.length,i=!0,c=[],a=c;if(n)i=!1,o=Yr;else if(u>=Pc){var f=r?null:zc(t);if(f)return zt(f);i=!1,o=ir,a=new or}else a=r?[]:c;t:for(;++e<u;){var l=t[e],s=r?r(l):l;if(l=n||0!==l?l:0,i&&s===s){for(var v=a.length;v--;)if(a[v]===s)continue t;r&&a.push(s),c.push(l)}else o(a,s,n)||(a!==c&&a.push(s),c.push(l))}return c}function mn(t){return t&&t.length?On(t):[]}function An(t,r){return t&&t.length?On(t,$r(r,2)):[]}function xn(t,r,n){for(var e=-1,o=t.length,u=r.length,i={};++e<o;){var c=e<u?r[e]:void 0;n(i,t[e],c)}return i}function Sn(t,r){return xn(t||[],r||[],v)}var zn=\"object\"==typeof global&&global&&global.Object===Object&&global,Pn=\"object\"==typeof self&&self&&self.Object===Object&&self,En=zn||Pn||Function(\"return this\")(),Tn=En.Symbol,Fn=Object.prototype,Mn=Fn.hasOwnProperty,Un=Fn.toString,$n=Tn?Tn.toStringTag:void 0,kn=Object.prototype,Bn=kn.toString,Dn=\"[object Null]\",In=\"[object Undefined]\",Nn=Tn?Tn.toStringTag:void 0,Cn=\"[object AsyncFunction]\",Ln=\"[object Function]\",Rn=\"[object GeneratorFunction]\",Vn=\"[object Proxy]\",Wn=En[\"__core-js_shared__\"],qn=function(){var t=/[^.]+$/.exec(Wn&&Wn.keys&&Wn.keys.IE_PROTO||\"\");return t?\"Symbol(src)_1.\"+t:\"\"}(),Gn=Function.prototype,Hn=Gn.toString,Jn=/[\\\\^$.*+?()[\\]{}|]/g,Kn=/^\\[object .+?Constructor\\]$/,Qn=Function.prototype,Xn=Object.prototype,Yn=Qn.toString,Zn=Xn.hasOwnProperty,te=RegExp(\"^\"+Yn.call(Zn).replace(Jn,\"\\\\$&\").replace(/hasOwnProperty|(function).*?(?=\\\\\\()| for .+?(?=\\\\\\])/g,\"$1.*?\")+\"$\"),re=function(){try{var t=f(Object,\"defineProperty\");return t({},\"\",{}),t}catch(t){}}(),ne=Object.prototype,ee=ne.hasOwnProperty,oe=Math.max,ue=re?function(t,r){return re(t,\"toString\",{configurable:!0,enumerable:!1,value:d(r),writable:!0})}:h,ie=800,ce=16,ae=Date.now,fe=j(ue),le=9007199254740991,se=9007199254740991,ve=/^(?:0|[1-9]\\d*)$/,pe=Object.prototype,he=\"[object Arguments]\",be=Object.prototype,ye=be.hasOwnProperty,de=be.propertyIsEnumerable,je=P(function(){return arguments}())?P:function(t){return z(t)&&ye.call(t,\"callee\")&&!de.call(t,\"callee\")},ge=Array.isArray,_e=\"object\"==typeof exports&&exports&&!exports.nodeType&&exports,we=_e&&\"object\"==typeof module&&module&&!module.nodeType&&module,Oe=we&&we.exports===_e,me=Oe?En.Buffer:void 0,Ae=me?me.isBuffer:void 0,xe=Ae||E,Se=\"[object Arguments]\",ze=\"[object Array]\",Pe=\"[object Boolean]\",Ee=\"[object Date]\",Te=\"[object Error]\",Fe=\"[object Function]\",Me=\"[object Map]\",Ue=\"[object Number]\",$e=\"[object Object]\",ke=\"[object RegExp]\",Be=\"[object Set]\",De=\"[object String]\",Ie=\"[object WeakMap]\",Ne=\"[object ArrayBuffer]\",Ce=\"[object DataView]\",Le=\"[object Float32Array]\",Re=\"[object Float64Array]\",Ve=\"[object Int8Array]\",We=\"[object Int16Array]\",qe=\"[object Int32Array]\",Ge=\"[object Uint8Array]\",He=\"[object Uint8ClampedArray]\",Je=\"[object Uint16Array]\",Ke=\"[object Uint32Array]\",Qe={};Qe[Le]=Qe[Re]=Qe[Ve]=Qe[We]=Qe[qe]=Qe[Ge]=Qe[He]=Qe[Je]=Qe[Ke]=!0,Qe[Se]=Qe[ze]=Qe[Ne]=Qe[Pe]=Qe[Ce]=Qe[Ee]=Qe[Te]=Qe[Fe]=Qe[Me]=Qe[Ue]=Qe[$e]=Qe[ke]=Qe[Be]=Qe[De]=Qe[Ie]=!1;var Xe=\"object\"==typeof exports&&exports&&!exports.nodeType&&exports,Ye=Xe&&\"object\"==typeof module&&module&&!module.nodeType&&module,Ze=Ye&&Ye.exports===Xe,to=Ze&&zn.process,ro=function(){try{return to&&to.binding(\"util\")}catch(t){}}(),no=ro&&ro.isTypedArray,eo=no?F(no):T,oo=Object.prototype,uo=oo.hasOwnProperty,io=U(Object.keys,Object),co=Object.prototype,ao=co.hasOwnProperty,fo=Object.prototype,lo=fo.hasOwnProperty,so=A(function(t,r){if(x(r)||w(r))return void p(r,k(r),t);for(var n in r)lo.call(r,n)&&v(t,n,r[n])}),vo=Array.prototype,po=vo.splice;R.prototype.clear=B,R.prototype.delete=I,R.prototype.get=N,R.prototype.has=C,R.prototype.set=L;var ho=f(En,\"Map\"),bo=f(Object,\"create\"),yo=\"__lodash_hash_undefined__\",jo=Object.prototype,go=jo.hasOwnProperty,_o=Object.prototype,wo=_o.hasOwnProperty,Oo=\"__lodash_hash_undefined__\";Y.prototype.clear=H,Y.prototype.delete=J,Y.prototype.get=K,Y.prototype.has=Q,Y.prototype.set=X,it.prototype.clear=Z,it.prototype.delete=nt,it.prototype.get=et,it.prototype.has=ot,it.prototype.set=ut;var mo=200;at.prototype.clear=V,at.prototype.delete=W,at.prototype.get=q,at.prototype.has=G,at.prototype.set=ct;var Ao=\"object\"==typeof exports&&exports&&!exports.nodeType&&exports,xo=Ao&&\"object\"==typeof module&&module&&!module.nodeType&&module,So=xo&&xo.exports===Ao,zo=So?En.Buffer:void 0,Po=zo?zo.allocUnsafe:void 0,Eo=Object.getOwnPropertySymbols,To=Eo?U(Eo,Object):pt,Fo=f(En,\"DataView\"),Mo=f(En,\"Promise\"),Uo=f(En,\"Set\"),$o=f(En,\"WeakMap\"),ko=\"[object Map]\",Bo=\"[object Object]\",Do=\"[object Promise]\",Io=\"[object Set]\",No=\"[object WeakMap]\",Co=\"[object DataView]\",Lo=i(Fo),Ro=i(ho),Vo=i(Mo),Wo=i(Uo),qo=i($o),Go=n;(Fo&&Go(new Fo(new ArrayBuffer(1)))!=Co||ho&&Go(new ho)!=ko||Mo&&Go(Mo.resolve())!=Do||Uo&&Go(new Uo)!=Io||$o&&Go(new $o)!=No)&&(Go=function(t){var r=n(t),e=r==Bo?t.constructor:void 0,o=e?i(e):\"\";if(o)switch(o){case Lo:return Co;case Ro:return ko;case Vo:return Do;case Wo:return Io;case qo:return No}return r});var Ho=Go,Jo=Object.prototype,Ko=Jo.hasOwnProperty,Qo=En.Uint8Array,Xo=/\\w*$/,Yo=Tn?Tn.prototype:void 0,Zo=Yo?Yo.valueOf:void 0,tu=\"[object Boolean]\",ru=\"[object Date]\",nu=\"[object Map]\",eu=\"[object Number]\",ou=\"[object RegExp]\",uu=\"[object Set]\",iu=\"[object String]\",cu=\"[object Symbol]\",au=\"[object ArrayBuffer]\",fu=\"[object DataView]\",lu=\"[object Float32Array]\",su=\"[object Float64Array]\",vu=\"[object Int8Array]\",pu=\"[object Int16Array]\",hu=\"[object Int32Array]\",bu=\"[object Uint8Array]\",yu=\"[object Uint8ClampedArray]\",du=\"[object Uint16Array]\",ju=\"[object Uint32Array]\",gu=Object.create,_u=function(){function t(){}return function(r){if(!e(r))return{};if(gu)return gu(r);t.prototype=r;var n=new t;return t.prototype=void 0,n}}(),wu=U(Object.getPrototypeOf,Object),Ou=\"[object Arguments]\",mu=\"[object Array]\",Au=\"[object Boolean]\",xu=\"[object Date]\",Su=\"[object Error]\",zu=\"[object Function]\",Pu=\"[object GeneratorFunction]\",Eu=\"[object Map]\",Tu=\"[object Number]\",Fu=\"[object Object]\",Mu=\"[object RegExp]\",Uu=\"[object Set]\",$u=\"[object String]\",ku=\"[object Symbol]\",Bu=\"[object WeakMap]\",Du=\"[object ArrayBuffer]\",Iu=\"[object DataView]\",Nu=\"[object Float32Array]\",Cu=\"[object Float64Array]\",Lu=\"[object Int8Array]\",Ru=\"[object Int16Array]\",Vu=\"[object Int32Array]\",Wu=\"[object Uint8Array]\",qu=\"[object Uint8ClampedArray]\",Gu=\"[object Uint16Array]\",Hu=\"[object Uint32Array]\",Ju={};Ju[Ou]=Ju[mu]=Ju[Du]=Ju[Iu]=Ju[Au]=Ju[xu]=Ju[Nu]=Ju[Cu]=Ju[Lu]=Ju[Ru]=Ju[Vu]=Ju[Eu]=Ju[Tu]=Ju[Fu]=Ju[Mu]=Ju[Uu]=Ju[$u]=Ju[ku]=Ju[Wu]=Ju[qu]=Ju[Gu]=Ju[Hu]=!0,Ju[Su]=Ju[zu]=Ju[Bu]=!1;var Ku=function(){return En.Date.now()},Qu=\"[object Symbol]\",Xu=NaN,Yu=/^\\s+|\\s+$/g,Zu=/^[-+]0x[0-9a-f]+$/i,ti=/^0b[01]+$/i,ri=/^0o[0-7]+$/i,ni=parseInt,ei=\"Expected a function\",oi=Math.max,ui=Math.min,ii=Object.prototype,ci=ii.hasOwnProperty,ai=Object.prototype,fi=ai.hasOwnProperty,li=A(function(t,r,n,e){p(r,Vt(r),t,e)}),si=g(function(t){return t.push(void 0,Ct),b(li,void 0,t)}),vi=qt(),pi=\"[object Object]\",hi=Function.prototype,bi=Object.prototype,yi=hi.toString,di=bi.hasOwnProperty,ji=yi.call(Object),gi=A(function(t,r,n,e){Qt(t,r,n,e)}),_i=g(function(t){return t.push(void 0,Xt),b(gi,void 0,t)}),wi=tr(Zt),Oi=\"__lodash_hash_undefined__\";or.prototype.add=or.prototype.push=nr,or.prototype.has=er;var mi=1,Ai=2,xi=1,Si=2,zi=\"[object Boolean]\",Pi=\"[object Date]\",Ei=\"[object Error]\",Ti=\"[object Map]\",Fi=\"[object Number]\",Mi=\"[object RegExp]\",Ui=\"[object Set]\",$i=\"[object String]\",ki=\"[object Symbol]\",Bi=\"[object ArrayBuffer]\",Di=\"[object DataView]\",Ii=Tn?Tn.prototype:void 0,Ni=Ii?Ii.valueOf:void 0,Ci=2,Li=Object.prototype,Ri=Li.hasOwnProperty,Vi=2,Wi=\"[object Arguments]\",qi=\"[object Array]\",Gi=\"[object Object]\",Hi=Object.prototype,Ji=Hi.hasOwnProperty,Ki=1,Qi=2,Xi=\"Expected a function\";dr.Cache=it;var Yi=500,Zi=1/0,tc=Tn?Tn.prototype:void 0,rc=tc?tc.toString:void 0,nc=/^\\./,ec=/[^.[\\]]+|\\[(?:(-?\\d+(?:\\.\\d+)?)|([\"'])((?:(?!\\2)[^\\\\]|\\\\.)*?)\\2)\\]|(?=(?:\\.|\\[\\])(?:\\.|\\[\\]|$))/g,oc=/\\\\(\\\\)?/g,uc=jr(function(t){t=wr(t);var r=[];return nc.test(t)&&r.push(\"\"),t.replace(ec,function(t,n,e,o){r.push(e?o.replace(oc,\"$1\"):n||t)}),r}),ic=/\\.|\\[(?:[^[\\]]*|([\"'])(?:(?!\\1)[^\\\\]|\\\\.)*?\\1)\\]/,cc=/^\\w*$/,ac=1/0,fc=1,lc=2,sc=1/0,vc=1.7976931348623157e308,pc=Math.max,hc=Br(Cr),bc=\"[object String]\",yc=Math.max,dc=Math.min,jc=g(function(t){var r=gr(t,tn);return r.length&&r[0]===t[0]?Zr(r):[]}),gc=A(function(t,r,n){Qt(t,r,n)}),_c=\"Expected a function\",wc=Object.getOwnPropertySymbols,Oc=wc?function(t){for(var r=[];t;)bt(r,To(t)),t=wu(t);return r}:pt,mc=Array.prototype,Ac=mc.splice,xc=Tn?Tn.isConcatSpreadable:void 0,Sc=1/0,zc=Uo&&1/zt(new Uo([,-0]))[1]==Sc?function(t){return new Uo(t)}:wn,Pc=200,Ec=g(function(t){return On(_n(t,1,Gt,!0))});module.exports={any:jn,assign:so,clone:$t,cloneDeep:kt,compact:Bt,debounce:Nt,defaults:si,defaultsDeep:_i,filter:kr,find:hc,forEach:Rr,forOwn:Vr,includes:Qr,intersection:jc,isEqual:rn,isNull:nn,keys:k,map:on,merge:gc,omitBy:ln,reject:sn,remove:yn,some:jn,union:Ec,uniq:mn,uniqBy:An,values:Kr,zipObject:Sn}}();",""],"l":{"1":14}}}